#
# There is insufficient memory for the Java Runtime Environment to continue.
# Native memory allocation (malloc) failed to allocate 373840 bytes for Chunk::new
# Possible reasons:
#   The system is out of physical RAM or swap space
#   The process is running with CompressedOops enabled, and the Java Heap may be blocking the growth of the native heap
# Possible solutions:
#   Reduce memory load on the system
#   Increase physical memory or swap space
#   Check if swap backing store is full
#   Decrease Java heap size (-Xmx/-Xms)
#   Decrease number of Java threads
#   Decrease Java thread stack sizes (-Xss)
#   Set larger code cache with -XX:ReservedCodeCacheSize=
#   JVM is running with Unscaled Compressed Oops mode in which the Java heap is
#     placed in the first 4GB address space. The Java Heap base address is the
#     maximum limit for the native heap growth. Please use -XX:HeapBaseMinAddress
#     to set the Java Heap base and to place the Java Heap above 4GB virtual address.
# This output file may be truncated or incomplete.
#
#  Out of Memory Error (allocation.cpp:389), pid=18100, tid=0x0000000000003d8c
#
# JRE version: OpenJDK Runtime Environment (8.0_242-b01) (build 1.8.0_242-release-1644-b01)
# Java VM: OpenJDK 64-Bit Server VM (25.242-b01 mixed mode windows-amd64 compressed oops)
# Failed to write core dump. Minidumps are not enabled by default on client versions of Windows
#

---------------  T H R E A D  ---------------

Current thread (0x0000000019f1c000):  JavaThread "C2 CompilerThread1" daemon [_thread_in_native, id=15756, stack(0x000000001b580000,0x000000001b680000)]

Stack: [0x000000001b580000,0x000000001b680000]
[error occurred during error reporting (printing stack bounds), id 0xc0000005]

Native frames: (J=compiled Java code, j=interpreted, Vv=VM code, C=native code)


Current CompileTask:
C2:  32891 12889 %     4       com.android.tools.r8.z.a.a.f::a @ 1577 (6058 bytes)


---------------  P R O C E S S  ---------------

Java Threads: ( => current thread )
  0x000000002ad06000 JavaThread "WorkerExecutor Queue Thread 18" [_thread_in_native, id=25496, stack(0x0000000031ef0000,0x0000000031ff0000)]
  0x000000002ad07000 JavaThread "WorkerExecutor Queue Thread 17" [_thread_blocked, id=26932, stack(0x0000000031a80000,0x0000000031b80000)]
  0x000000002acfc800 JavaThread "stdout" [_thread_in_native, id=23432, stack(0x0000000031bf0000,0x0000000031cf0000)]
  0x000000002acfb800 JavaThread "stderr" [_thread_in_native, id=19360, stack(0x0000000031820000,0x0000000031920000)]
  0x000000002ad01000 JavaThread "stdout" [_thread_in_native, id=8828, stack(0x0000000031980000,0x0000000031a80000)]
  0x000000002acf9800 JavaThread "stderr" [_thread_in_native, id=18536, stack(0x00000000314d0000,0x00000000315d0000)]
  0x000000002acfb000 JavaThread "stdout" [_thread_in_native, id=25264, stack(0x0000000031720000,0x0000000031820000)]
  0x000000002ad00000 JavaThread "stderr" [_thread_in_native, id=27504, stack(0x0000000031620000,0x0000000031720000)]
  0x000000002acfa000 JavaThread "stdout" [_thread_in_native, id=8576, stack(0x00000000313d0000,0x00000000314d0000)]
  0x000000002acff800 JavaThread "stderr" [_thread_in_native, id=15284, stack(0x0000000031160000,0x0000000031260000)]
  0x000000002acfe000 JavaThread "stdout" [_thread_in_native, id=18248, stack(0x00000000312d0000,0x00000000313d0000)]
  0x000000002acfd000 JavaThread "stderr" [_thread_in_native, id=4048, stack(0x0000000030e20000,0x0000000030f20000)]
  0x000000002acfe800 JavaThread "stdout" [_thread_in_native, id=27044, stack(0x0000000031060000,0x0000000031160000)]
  0x000000002102c800 JavaThread "stderr" [_thread_in_native, id=27140, stack(0x0000000030f60000,0x0000000031060000)]
  0x000000001fe8f800 JavaThread "stdout" [_thread_in_native, id=17040, stack(0x0000000030d20000,0x0000000030e20000)]
  0x000000001fe8e000 JavaThread "stderr" [_thread_in_native, id=796, stack(0x0000000030c20000,0x0000000030d20000)]
  0x000000001fe8e800 JavaThread "stdout" [_thread_in_native, id=3060, stack(0x0000000030b20000,0x0000000030c20000)]
  0x000000001fe8d000 JavaThread "stderr" [_thread_in_native, id=2844, stack(0x0000000030a20000,0x0000000030b20000)]
  0x000000001fe85800 JavaThread "WorkerExecutor Queue Thread 16" [_thread_blocked, id=10864, stack(0x0000000030920000,0x0000000030a20000)]
  0x000000001fe8c800 JavaThread "WorkerExecutor Queue Thread 15" [_thread_blocked, id=6876, stack(0x0000000030820000,0x0000000030920000)]
  0x000000001fe84800 JavaThread "WorkerExecutor Queue Thread 14" [_thread_blocked, id=15040, stack(0x0000000030720000,0x0000000030820000)]
  0x000000001fe8b800 JavaThread "WorkerExecutor Queue Thread 13" [_thread_blocked, id=10640, stack(0x0000000030620000,0x0000000030720000)]
  0x000000001fe86000 JavaThread "pool-2-thread-1" [_thread_blocked, id=19996, stack(0x0000000030520000,0x0000000030620000)]
  0x000000001fe8b000 JavaThread "WorkerExecutor Queue Thread 12" [_thread_blocked, id=23924, stack(0x0000000030420000,0x0000000030520000)]
  0x000000001fe87800 JavaThread "WorkerExecutor Queue Thread 11" [_thread_in_Java, id=24796, stack(0x000000002ff20000,0x0000000030020000)]
  0x000000001fe8a000 JavaThread "WorkerExecutor Queue Thread 10" [_thread_blocked, id=8256, stack(0x000000002fe20000,0x000000002ff20000)]
  0x000000001fe89800 JavaThread "WorkerExecutor Queue Thread 9" [_thread_blocked, id=3624, stack(0x000000002fd20000,0x000000002fe20000)]
  0x000000001fe84000 JavaThread "WorkerExecutor Queue Thread 8" [_thread_blocked, id=13660, stack(0x000000002e250000,0x000000002e350000)]
  0x000000002102e800 JavaThread "WorkerExecutor Queue Thread 2" [_thread_blocked, id=24376, stack(0x000000002fc20000,0x000000002fd20000)]
  0x000000002102b800 JavaThread "Cache worker for execution history cache (E:\Android\AndroidStudioProjects\AILab\.gradle\6.6\executionHistory)" [_thread_blocked, id=20696, stack(0x000000002df50000,0x000000002e050000)]
  0x0000000021031800 JavaThread "Execution worker for ':' Thread 11" [_thread_blocked, id=27484, stack(0x000000002de50000,0x000000002df50000)]
  0x0000000021030000 JavaThread "Execution worker for ':' Thread 10" [_thread_blocked, id=4108, stack(0x000000002dd50000,0x000000002de50000)]
  0x0000000021031000 JavaThread "Execution worker for ':' Thread 9" [_thread_blocked, id=16440, stack(0x000000002dc50000,0x000000002dd50000)]
  0x000000002102f800 JavaThread "Execution worker for ':' Thread 8" [_thread_blocked, id=2936, stack(0x000000002db50000,0x000000002dc50000)]
  0x0000000021032800 JavaThread "Execution worker for ':' Thread 7" [_thread_blocked, id=19596, stack(0x000000002da50000,0x000000002db50000)]
  0x000000002102d000 JavaThread "Execution worker for ':' Thread 6" [_thread_blocked, id=13084, stack(0x000000002d950000,0x000000002da50000)]
  0x0000000021024000 JavaThread "Execution worker for ':' Thread 5" [_thread_blocked, id=21856, stack(0x000000002d850000,0x000000002d950000)]
  0x000000002102a000 JavaThread "Execution worker for ':' Thread 4" [_thread_blocked, id=23524, stack(0x000000002d750000,0x000000002d850000)]
  0x0000000021029800 JavaThread "Execution worker for ':' Thread 3" [_thread_blocked, id=26016, stack(0x000000002d650000,0x000000002d750000)]
  0x000000002102b000 JavaThread "Execution worker for ':' Thread 2" [_thread_blocked, id=10796, stack(0x000000002d550000,0x000000002d650000)]
  0x0000000021028800 JavaThread "Execution worker for ':'" [_thread_blocked, id=21568, stack(0x000000002d450000,0x000000002d550000)]
  0x0000000021028000 JavaThread "Cache worker for file content cache (E:\Android\AndroidStudioProjects\AILab\.gradle\6.6\fileContent)" [_thread_blocked, id=3864, stack(0x000000002cf50000,0x000000002d050000)]
  0x0000000021025800 JavaThread "Memory manager" [_thread_blocked, id=19256, stack(0x0000000026a80000,0x0000000026b80000)]
  0x0000000021026800 JavaThread "pool-1-thread-1" [_thread_blocked, id=5704, stack(0x00000000241b0000,0x00000000242b0000)]
  0x0000000021025000 JavaThread "jar transforms Thread 92" [_thread_blocked, id=4380, stack(0x0000000029eb0000,0x0000000029fb0000)]
  0x0000000021027000 JavaThread "jar transforms Thread 91" [_thread_blocked, id=25656, stack(0x0000000029db0000,0x0000000029eb0000)]
  0x0000000021023800 JavaThread "jar transforms Thread 90" [_thread_blocked, id=24772, stack(0x0000000029cb0000,0x0000000029db0000)]
  0x000000001e0cb800 JavaThread "jar transforms Thread 89" [_thread_blocked, id=26084, stack(0x0000000029bb0000,0x0000000029cb0000)]
  0x000000001e0cc800 JavaThread "jar transforms Thread 88" [_thread_blocked, id=10388, stack(0x0000000029ab0000,0x0000000029bb0000)]
  0x000000001e0d1000 JavaThread "jar transforms Thread 87" [_thread_blocked, id=21408, stack(0x00000000299b0000,0x0000000029ab0000)]
  0x000000001e0d0000 JavaThread "jar transforms Thread 86" [_thread_blocked, id=10304, stack(0x00000000298b0000,0x00000000299b0000)]
  0x000000001e0ca000 JavaThread "jar transforms Thread 85" [_thread_blocked, id=19192, stack(0x00000000297b0000,0x00000000298b0000)]
  0x000000001e0cf800 JavaThread "jar transforms Thread 84" [_thread_blocked, id=10512, stack(0x00000000296b0000,0x00000000297b0000)]
  0x000000001e0cb000 JavaThread "jar transforms Thread 83" [_thread_blocked, id=20928, stack(0x00000000295b0000,0x00000000296b0000)]
  0x000000001e0ce800 JavaThread "jar transforms Thread 82" [_thread_blocked, id=21656, stack(0x00000000294b0000,0x00000000295b0000)]
  0x000000001e0ce000 JavaThread "jar transforms Thread 81" [_thread_blocked, id=22200, stack(0x00000000293b0000,0x00000000294b0000)]
  0x000000001e0c9800 JavaThread "jar transforms Thread 80" [_thread_blocked, id=2112, stack(0x00000000292b0000,0x00000000293b0000)]
  0x000000001e0cd000 JavaThread "jar transforms Thread 79" [_thread_blocked, id=19868, stack(0x00000000291b0000,0x00000000292b0000)]
  0x000000001e0c1800 JavaThread "jar transforms Thread 78" [_thread_blocked, id=8940, stack(0x00000000290b0000,0x00000000291b0000)]
  0x000000001e0c8000 JavaThread "jar transforms Thread 77" [_thread_blocked, id=10084, stack(0x0000000028fb0000,0x00000000290b0000)]
  0x000000001e0c5800 JavaThread "jar transforms Thread 76" [_thread_blocked, id=3140, stack(0x0000000028eb0000,0x0000000028fb0000)]
  0x000000001e0c8800 JavaThread "jar transforms Thread 75" [_thread_blocked, id=21864, stack(0x0000000028db0000,0x0000000028eb0000)]
  0x000000001e0c6800 JavaThread "jar transforms Thread 74" [_thread_blocked, id=15728, stack(0x0000000028cb0000,0x0000000028db0000)]
  0x000000001e0c5000 JavaThread "jar transforms Thread 73" [_thread_blocked, id=22036, stack(0x0000000028bb0000,0x0000000028cb0000)]
  0x000000001e0c4000 JavaThread "jar transforms Thread 72" [_thread_blocked, id=13020, stack(0x0000000028ab0000,0x0000000028bb0000)]
  0x000000001e0c3000 JavaThread "jar transforms Thread 71" [_thread_blocked, id=14808, stack(0x00000000289b0000,0x0000000028ab0000)]
  0x000000001e0c2800 JavaThread "jar transforms Thread 70" [_thread_blocked, id=18900, stack(0x00000000288b0000,0x00000000289b0000)]
  0x000000001e0c7000 JavaThread "jar transforms Thread 69" [_thread_blocked, id=20184, stack(0x00000000287b0000,0x00000000288b0000)]
  0x0000000020e66800 JavaThread "jar transforms Thread 68" [_thread_blocked, id=13924, stack(0x00000000286b0000,0x00000000287b0000)]
  0x0000000020e65000 JavaThread "jar transforms Thread 67" [_thread_blocked, id=22808, stack(0x00000000285b0000,0x00000000286b0000)]
  0x0000000020e65800 JavaThread "jar transforms Thread 66" [_thread_blocked, id=18224, stack(0x00000000284b0000,0x00000000285b0000)]
  0x0000000020e64000 JavaThread "jar transforms Thread 65" [_thread_blocked, id=5840, stack(0x00000000282b0000,0x00000000283b0000)]
  0x0000000020e63800 JavaThread "jar transforms Thread 64" [_thread_blocked, id=25256, stack(0x00000000281b0000,0x00000000282b0000)]
  0x0000000020e62800 JavaThread "jar transforms Thread 63" [_thread_blocked, id=23452, stack(0x00000000280b0000,0x00000000281b0000)]
  0x0000000020e62000 JavaThread "jar transforms Thread 62" [_thread_blocked, id=13620, stack(0x0000000027fb0000,0x00000000280b0000)]
  0x0000000020e60800 JavaThread "jar transforms Thread 61" [_thread_blocked, id=2700, stack(0x0000000027eb0000,0x0000000027fb0000)]
  0x0000000020e5a000 JavaThread "jar transforms Thread 60" [_thread_blocked, id=18024, stack(0x0000000027db0000,0x0000000027eb0000)]
  0x0000000020e61000 JavaThread "jar transforms Thread 59" [_thread_blocked, id=24544, stack(0x0000000027cb0000,0x0000000027db0000)]
  0x0000000020e5e000 JavaThread "jar transforms Thread 58" [_thread_blocked, id=5656, stack(0x0000000027bb0000,0x0000000027cb0000)]
  0x0000000020e5d000 JavaThread "jar transforms Thread 57" [_thread_blocked, id=19484, stack(0x0000000027ab0000,0x0000000027bb0000)]
  0x0000000020e5b800 JavaThread "jar transforms Thread 56" [_thread_blocked, id=19332, stack(0x00000000279b0000,0x0000000027ab0000)]
  0x0000000020e5e800 JavaThread "jar transforms Thread 55" [_thread_blocked, id=21500, stack(0x00000000278b0000,0x00000000279b0000)]
  0x0000000020e58800 JavaThread "jar transforms Thread 54" [_thread_blocked, id=14368, stack(0x00000000277b0000,0x00000000278b0000)]
  0x0000000020e5c800 JavaThread "jar transforms Thread 53" [_thread_blocked, id=26516, stack(0x00000000276b0000,0x00000000277b0000)]
  0x0000000020e59800 JavaThread "jar transforms Thread 52" [_thread_blocked, id=22824, stack(0x00000000275b0000,0x00000000276b0000)]
  0x0000000020e5f800 JavaThread "jar transforms Thread 51" [_thread_blocked, id=11484, stack(0x00000000274b0000,0x00000000275b0000)]
  0x0000000020e5b000 JavaThread "jar transforms Thread 50" [_thread_blocked, id=16980, stack(0x00000000273b0000,0x00000000274b0000)]
  0x0000000020e57000 JavaThread "jar transforms Thread 49" [_thread_blocked, id=18676, stack(0x00000000272b0000,0x00000000273b0000)]
  0x0000000020e58000 JavaThread "jar transforms Thread 48" [_thread_blocked, id=15428, stack(0x00000000271b0000,0x00000000272b0000)]
  0x000000002109a000 JavaThread "jar transforms Thread 47" [_thread_blocked, id=27100, stack(0x00000000270b0000,0x00000000271b0000)]
  0x000000002109a800 JavaThread "jar transforms Thread 46" [_thread_blocked, id=20836, stack(0x0000000026fb0000,0x00000000270b0000)]
  0x0000000021099000 JavaThread "jar transforms Thread 45" [_thread_blocked, id=26412, stack(0x0000000026eb0000,0x0000000026fb0000)]
  0x0000000021091800 JavaThread "jar transforms Thread 44" [_thread_blocked, id=21020, stack(0x0000000026db0000,0x0000000026eb0000)]
  0x0000000021098800 JavaThread "jar transforms Thread 43" [_thread_blocked, id=23336, stack(0x0000000026cb0000,0x0000000026db0000)]
  0x0000000021091000 JavaThread "jar transforms Thread 42" [_thread_blocked, id=14844, stack(0x0000000026bb0000,0x0000000026cb0000)]
  0x0000000021097800 JavaThread "jar transforms Thread 41" [_thread_blocked, id=3608, stack(0x00000000240b0000,0x00000000241b0000)]
  0x0000000021094800 JavaThread "jar transforms Thread 40" [_thread_blocked, id=25848, stack(0x0000000026980000,0x0000000026a80000)]
  0x0000000021094000 JavaThread "jar transforms Thread 39" [_thread_blocked, id=22236, stack(0x0000000026880000,0x0000000026980000)]
  0x0000000021097000 JavaThread "jar transforms Thread 38" [_thread_blocked, id=16052, stack(0x0000000026780000,0x0000000026880000)]
  0x0000000021095800 JavaThread "jar transforms Thread 37" [_thread_blocked, id=20284, stack(0x0000000026680000,0x0000000026780000)]
  0x0000000021096000 JavaThread "jar transforms Thread 36" [_thread_blocked, id=23416, stack(0x0000000026580000,0x0000000026680000)]
  0x000000002108e800 JavaThread "jar transforms Thread 35" [_thread_blocked, id=9120, stack(0x0000000026480000,0x0000000026580000)]
  0x0000000021093000 JavaThread "jar transforms Thread 34" [_thread_blocked, id=12144, stack(0x0000000026380000,0x0000000026480000)]
  0x0000000021092800 JavaThread "jar transforms Thread 33" [_thread_blocked, id=23876, stack(0x0000000026280000,0x0000000026380000)]
  0x000000002108f800 JavaThread "jar transforms Thread 32" [_thread_blocked, id=10420, stack(0x0000000026180000,0x0000000026280000)]
  0x000000002108b800 JavaThread "jar transforms Thread 31" [_thread_blocked, id=20124, stack(0x0000000026080000,0x0000000026180000)]
  0x000000002108c800 JavaThread "jar transforms Thread 30" [_thread_blocked, id=22276, stack(0x0000000025f80000,0x0000000026080000)]
  0x000000002108e000 JavaThread "jar transforms Thread 29" [_thread_blocked, id=4372, stack(0x0000000025e80000,0x0000000025f80000)]
  0x0000000021090000 JavaThread "jar transforms Thread 28" [_thread_blocked, id=16240, stack(0x0000000025d80000,0x0000000025e80000)]
  0x000000002108d000 JavaThread "jar transforms Thread 27" [_thread_blocked, id=2488, stack(0x0000000025c80000,0x0000000025d80000)]
  0x0000000020952800 JavaThread "jar transforms Thread 26" [_thread_blocked, id=2796, stack(0x0000000025b80000,0x0000000025c80000)]
  0x0000000020952000 JavaThread "jar transforms Thread 25" [_thread_blocked, id=11112, stack(0x0000000025a80000,0x0000000025b80000)]
  0x0000000020951000 JavaThread "jar transforms Thread 24" [_thread_blocked, id=26300, stack(0x0000000025980000,0x0000000025a80000)]
  0x0000000020949800 JavaThread "jar transforms Thread 23" [_thread_blocked, id=13512, stack(0x0000000025880000,0x0000000025980000)]
  0x000000002094d800 JavaThread "jar transforms Thread 22" [_thread_blocked, id=2716, stack(0x0000000025780000,0x0000000025880000)]
  0x0000000020950800 JavaThread "jar transforms Thread 21" [_thread_blocked, id=25140, stack(0x0000000025680000,0x0000000025780000)]
  0x000000002094b000 JavaThread "jar transforms Thread 20" [_thread_blocked, id=14008, stack(0x0000000025580000,0x0000000025680000)]
  0x000000002094e000 JavaThread "jar transforms Thread 19" [_thread_blocked, id=12128, stack(0x0000000025480000,0x0000000025580000)]
  0x000000002094f800 JavaThread "jar transforms Thread 18" [_thread_blocked, id=19132, stack(0x0000000025380000,0x0000000025480000)]
  0x0000000020948000 JavaThread "jar transforms Thread 17" [_thread_blocked, id=11668, stack(0x0000000025280000,0x0000000025380000)]
  0x000000002094c000 JavaThread "jar transforms Thread 16" [_thread_blocked, id=9960, stack(0x0000000025180000,0x0000000025280000)]
  0x000000002094f000 JavaThread "jar transforms Thread 15" [_thread_blocked, id=27204, stack(0x0000000025080000,0x0000000025180000)]
  0x0000000020947800 JavaThread "jar transforms Thread 14" [_thread_blocked, id=26884, stack(0x0000000024f80000,0x0000000025080000)]
  0x000000002094c800 JavaThread "jar transforms Thread 13" [_thread_blocked, id=3256, stack(0x0000000024e80000,0x0000000024f80000)]
  0x0000000020943800 JavaThread "jar transforms Thread 12" [_thread_blocked, id=18060, stack(0x0000000024d80000,0x0000000024e80000)]
  0x0000000020946800 JavaThread "jar transforms Thread 11" [_thread_blocked, id=9352, stack(0x0000000024c80000,0x0000000024d80000)]
  0x0000000020949000 JavaThread "jar transforms Thread 10" [_thread_blocked, id=26920, stack(0x0000000024b80000,0x0000000024c80000)]
  0x0000000020946000 JavaThread "jar transforms Thread 9" [_thread_blocked, id=15720, stack(0x0000000024a80000,0x0000000024b80000)]
  0x0000000020945000 JavaThread "jar transforms Thread 8" [_thread_blocked, id=12864, stack(0x0000000024980000,0x0000000024a80000)]
  0x0000000020944800 JavaThread "jar transforms Thread 7" [_thread_blocked, id=20912, stack(0x0000000024880000,0x0000000024980000)]
  0x000000002094a800 JavaThread "jar transforms Thread 6" [_thread_blocked, id=20288, stack(0x0000000024780000,0x0000000024880000)]
  0x0000000020c92800 JavaThread "jar transforms Thread 5" [_thread_blocked, id=19832, stack(0x0000000024680000,0x0000000024780000)]
  0x0000000020c93000 JavaThread "jar transforms Thread 4" [_thread_blocked, id=9640, stack(0x0000000024580000,0x0000000024680000)]
  0x0000000020c91800 JavaThread "jar transforms Thread 3" [_thread_blocked, id=4748, stack(0x0000000024480000,0x0000000024580000)]
  0x0000000020c94800 JavaThread "jar transforms Thread 2" [_thread_blocked, id=20192, stack(0x0000000024380000,0x0000000024480000)]
  0x0000000020c91000 JavaThread "Build operations Thread 12" [_thread_blocked, id=17824, stack(0x0000000023fb0000,0x00000000240b0000)]
  0x0000000020c95800 JavaThread "Build operations Thread 11" [_thread_blocked, id=6192, stack(0x0000000023eb0000,0x0000000023fb0000)]
  0x0000000020c96000 JavaThread "Build operations Thread 10" [_thread_blocked, id=21584, stack(0x0000000023db0000,0x0000000023eb0000)]
  0x0000000020c94000 JavaThread "Build operations Thread 9" [_thread_in_Java, id=25220, stack(0x0000000023cb0000,0x0000000023db0000)]
  0x0000000020c90000 JavaThread "Build operations Thread 8" [_thread_in_vm, id=25612, stack(0x0000000023bb0000,0x0000000023cb0000)]
  0x0000000020c97000 JavaThread "Build operations Thread 7" [_thread_blocked, id=23152, stack(0x0000000023ab0000,0x0000000023bb0000)]
  0x0000000020c88800 JavaThread "Build operations Thread 6" [_thread_blocked, id=20796, stack(0x00000000239b0000,0x0000000023ab0000)]
  0x0000000020c8b000 JavaThread "Build operations Thread 5" [_thread_in_vm, id=13572, stack(0x00000000238b0000,0x00000000239b0000)]
  0x0000000020c8f800 JavaThread "Build operations Thread 4" [_thread_blocked, id=152, stack(0x00000000237b0000,0x00000000238b0000)]
  0x0000000020c8e000 JavaThread "Build operations Thread 3" [_thread_in_vm, id=18068, stack(0x00000000236b0000,0x00000000237b0000)]
  0x0000000020c8d000 JavaThread "Build operations Thread 2" [_thread_blocked, id=21128, stack(0x00000000235b0000,0x00000000236b0000)]
  0x0000000020c8a000 JavaThread "Build operations" [_thread_in_Java, id=23380, stack(0x00000000234b0000,0x00000000235b0000)]
  0x0000000020c8e800 JavaThread "Cache worker for Build Output Cleanup Cache (E:\Android\AndroidStudioProjects\AILab\.gradle\buildOutputCleanup)" [_thread_blocked, id=26248, stack(0x00000000231b0000,0x00000000232b0000)]
  0x000000001d832800 JavaThread "Cache worker for file content cache (C:\Users\‰ΩôÈáé\.gradle\caches\6.6\fileContent)" [_thread_blocked, id=12160, stack(0x0000000022ab0000,0x0000000022bb0000)]
  0x000000001d831800 JavaThread "jar transforms" [_thread_blocked, id=21456, stack(0x00000000229b0000,0x0000000022ab0000)]
  0x000000001d82f800 JavaThread "Cache worker for execution history cache (C:\Users\‰ΩôÈáé\.gradle\caches\6.6\executionHistory)" [_thread_blocked, id=17764, stack(0x00000000222b0000,0x00000000223b0000)]
  0x000000001d834000 JavaThread "Cache worker for cache directory md-rule (C:\Users\‰ΩôÈáé\.gradle\caches\6.6\md-rule)" [_thread_blocked, id=18364, stack(0x00000000221b0000,0x00000000222b0000)]
  0x000000001d82e000 JavaThread "Cache worker for cache directory md-supplier (C:\Users\‰ΩôÈáé\.gradle\caches\6.6\md-supplier)" [_thread_blocked, id=21920, stack(0x00000000220b0000,0x00000000221b0000)]
  0x000000001d831000 JavaThread "Cache worker for checksums cache (E:\Android\AndroidStudioProjects\AILab\.gradle\checksums)" [_thread_blocked, id=18720, stack(0x0000000021db0000,0x0000000021eb0000)]
  0x000000001d82d000 JavaThread "Cache worker for file hash cache (E:\Android\AndroidStudioProjects\AILab\.gradle\6.6\fileHashes)" [_thread_blocked, id=3664, stack(0x0000000020ac0000,0x0000000020bc0000)]
  0x000000001d830000 JavaThread "Cache worker for journal cache (C:\Users\‰ΩôÈáé\.gradle\caches\journal-1)" [_thread_blocked, id=6304, stack(0x000000001f7f0000,0x000000001f8f0000)]
  0x000000001d833800 JavaThread "File lock request listener" [_thread_in_native, id=9876, stack(0x000000001f6f0000,0x000000001f7f0000)]
  0x000000001d843000 JavaThread "Cache worker for file hash cache (C:\Users\‰ΩôÈáé\.gradle\caches\6.6\fileHashes)" [_thread_blocked, id=19684, stack(0x000000001f5f0000,0x000000001f6f0000)]
  0x000000001d70d800 JavaThread "Thread-9" [_thread_blocked, id=6392, stack(0x000000001f2f0000,0x000000001f3f0000)]
  0x000000001d726800 JavaThread "Stdin handler" [_thread_blocked, id=25924, stack(0x000000001f1f0000,0x000000001f2f0000)]
  0x000000001d723800 JavaThread "Asynchronous log dispatcher for DefaultDaemonConnection: socket connection from /127.0.0.1:51184 to /127.0.0.1:51185" [_thread_blocked, id=18368, stack(0x000000001f0f0000,0x000000001f1f0000)]
  0x000000001d716000 JavaThread "Daemon worker" [_thread_blocked, id=10220, stack(0x000000001eff0000,0x000000001f0f0000)]
  0x000000001d757000 JavaThread "Cancel handler" [_thread_blocked, id=24712, stack(0x000000001eef0000,0x000000001eff0000)]
  0x000000001d740000 JavaThread "Handler for socket connection from /127.0.0.1:51184 to /127.0.0.1:51185" [_thread_in_native, id=13828, stack(0x000000001edf0000,0x000000001eef0000)]
  0x000000001d73f000 JavaThread "Daemon" [_thread_blocked, id=20272, stack(0x000000001ebf0000,0x000000001ecf0000)]
  0x000000001d659000 JavaThread "Daemon periodic checks" [_thread_blocked, id=25300, stack(0x000000001e8f0000,0x000000001e9f0000)]
  0x000000001d644000 JavaThread "Incoming local TCP Connector on port 51184" [_thread_in_native, id=23840, stack(0x000000001e740000,0x000000001e840000)]
  0x000000001d58a800 JavaThread "Daemon health stats" [_thread_blocked, id=12888, stack(0x000000001e420000,0x000000001e520000)]
  0x0000000019fb4800 JavaThread "Service Thread" daemon [_thread_blocked, id=5636, stack(0x000000001b880000,0x000000001b980000)]
  0x0000000019f26000 JavaThread "C1 CompilerThread3" daemon [_thread_blocked, id=14408, stack(0x000000001b780000,0x000000001b880000)]
  0x0000000019f25000 JavaThread "C2 CompilerThread2" daemon [_thread_in_native, id=25588, stack(0x000000001b680000,0x000000001b780000)]
=>0x0000000019f1c000 JavaThread "C2 CompilerThread1" daemon [_thread_in_native, id=15756, stack(0x000000001b580000,0x000000001b680000)]
  0x0000000019f16000 JavaThread "C2 CompilerThread0" daemon [_thread_in_native, id=3544, stack(0x000000001b480000,0x000000001b580000)]
  0x0000000019eba000 JavaThread "Attach Listener" daemon [_thread_blocked, id=15332, stack(0x000000001b380000,0x000000001b480000)]
  0x0000000019f14800 JavaThread "Signal Dispatcher" daemon [_thread_blocked, id=17092, stack(0x000000001b280000,0x000000001b380000)]
  0x00000000187d2800 JavaThread "Finalizer" daemon [_thread_blocked, id=26900, stack(0x000000001b110000,0x000000001b210000)]
  0x0000000019ea3000 JavaThread "Reference Handler" daemon [_thread_blocked, id=26404, stack(0x000000001b010000,0x000000001b110000)]
  0x000000000332e000 JavaThread "main" [_thread_blocked, id=26700, stack(0x0000000003330000,0x0000000003430000)]

Other Threads:
  0x0000000019e82800 VMThread [stack: 0x000000001af10000,0x000000001b010000] [id=25796]
  0x0000000019f57800 WatcherThread [stack: 0x000000001b980000,0x000000001ba80000] [id=15880]

VM state:not at safepoint (normal execution)

VM Mutex/Monitor currently owned by a thread: None

OutOfMemory and StackOverflow Exception counts:
OutOfMemoryError java_heap_errors=5

heap address: 0x0000000080000000, size: 2048 MB, Compressed Oops mode: 32-bit
Narrow klass base: 0x0000000000000000, Narrow klass shift: 3
Compressed class space size: 1073741824 Address: 0x0000000100000000

Heap:
 PSYoungGen      total 275968K, used 98565K [0x00000000d5580000, 0x00000000e8000000, 0x0000000100000000)
  eden space 250368K, 39% used [0x00000000d5580000,0x00000000db5c1580,0x00000000e4a00000)
  from space 25600K, 0% used [0x00000000e6700000,0x00000000e6700000,0x00000000e8000000)
  to   space 27648K, 0% used [0x00000000e4a00000,0x00000000e4a00000,0x00000000e6500000)
 ParOldGen       total 217600K, used 65960K [0x0000000080000000, 0x000000008d480000, 0x00000000d5580000)
  object space 217600K, 30% used [0x0000000080000000,0x000000008406a2f0,0x000000008d480000)
 Metaspace       used 84654K, capacity 89749K, committed 90024K, reserved 1132544K
  class space    used 11576K, capacity 12650K, committed 12712K, reserved 1048576K

Card table byte_map: [0x00000000128f0000,0x0000000012d00000] byte_map_base: 0x00000000124f0000

Marking Bits: (ParMarkBitMap*) 0x000000005968f030
 Begin Bits: [0x00000000139b0000, 0x00000000159b0000)
 End Bits:   [0x00000000159b0000, 0x00000000179b0000)

Polling page: 0x00000000032f0000

CodeCache: size=245760Kb used=35634Kb max_used=35784Kb free=210125Kb
 bounds [0x0000000003530000, 0x00000000058b0000, 0x0000000012530000]
 total_blobs=11863 nmethods=10994 adapters=782
 compilation: enabled

Compilation events (10 events):
Event: 32.881 Thread 0x0000000019f26000 12998       3       com.android.tools.r8.t.a.a.a.f.J::e (19 bytes)
Event: 32.884 Thread 0x0000000019f26000 nmethod 12998 0x0000000005245410 code [0x0000000005245560, 0x0000000005245730]
Event: 32.884 Thread 0x0000000019f26000 12999       3       com.android.tools.r8.ir.conversion.o::a (31 bytes)
Event: 32.885 Thread 0x0000000019f26000 nmethod 12999 0x0000000004f8a810 code [0x0000000004f8a9a0, 0x0000000004f8af38]
Event: 32.885 Thread 0x0000000019f26000 13000       3       com.google.common.collect.RegularImmutableMap::fromEntryArray (201 bytes)
Event: 32.886 Thread 0x0000000019f26000 nmethod 13000 0x0000000004f88390 code [0x0000000004f88680, 0x0000000004f89a28]
Event: 32.886 Thread 0x0000000019f26000 13001       3       com.google.common.collect.ImmutableSet::maxRunBeforeFallback (11 bytes)
Event: 32.887 Thread 0x0000000019f26000 nmethod 13001 0x0000000005245090 code [0x0000000005245200, 0x0000000005245388]
Event: 32.887 Thread 0x0000000019f26000 13002       3       com.google.common.math.MathPreconditions::checkPositive (42 bytes)
Event: 32.888 Thread 0x0000000019f26000 nmethod 13002 0x0000000004f872d0 code [0x0000000004f874e0, 0x0000000004f87f18]

GC Heap History (10 events):
Event: 26.315 GC heap before
{Heap before GC invocations=16 (full 3):
 PSYoungGen      total 244736K, used 242945K [0x00000000d5580000, 0x00000000e5f00000, 0x0000000100000000)
  eden space 221696K, 100% used [0x00000000d5580000,0x00000000e2e00000,0x00000000e2e00000)
  from space 23040K, 92% used [0x00000000e4700000,0x00000000e5bc07e8,0x00000000e5d80000)
  to   space 25088K, 0% used [0x00000000e2e00000,0x00000000e2e00000,0x00000000e4680000)
 ParOldGen       total 217600K, used 37563K [0x0000000080000000, 0x000000008d480000, 0x00000000d5580000)
  object space 217600K, 17% used [0x0000000080000000,0x00000000824aee88,0x000000008d480000)
 Metaspace       used 71164K, capacity 74862K, committed 75176K, reserved 1114112K
  class space    used 9619K, capacity 10326K, committed 10408K, reserved 1048576K
Event: 26.335 GC heap after
Heap after GC invocations=16 (full 3):
 PSYoungGen      total 246784K, used 25076K [0x00000000d5580000, 0x00000000e8300000, 0x0000000100000000)
  eden space 221696K, 0% used [0x00000000d5580000,0x00000000d5580000,0x00000000e2e00000)
  from space 25088K, 99% used [0x00000000e2e00000,0x00000000e467d058,0x00000000e4680000)
  to   space 28672K, 0% used [0x00000000e6700000,0x00000000e6700000,0x00000000e8300000)
 ParOldGen       total 217600K, used 37685K [0x0000000080000000, 0x000000008d480000, 0x00000000d5580000)
  object space 217600K, 17% used [0x0000000080000000,0x00000000824cd578,0x000000008d480000)
 Metaspace       used 71164K, capacity 74862K, committed 75176K, reserved 1114112K
  class space    used 9619K, capacity 10326K, committed 10408K, reserved 1048576K
}
Event: 29.867 GC heap before
{Heap before GC invocations=17 (full 3):
 PSYoungGen      total 246784K, used 246772K [0x00000000d5580000, 0x00000000e8300000, 0x0000000100000000)
  eden space 221696K, 100% used [0x00000000d5580000,0x00000000e2e00000,0x00000000e2e00000)
  from space 25088K, 99% used [0x00000000e2e00000,0x00000000e467d058,0x00000000e4680000)
  to   space 28672K, 0% used [0x00000000e6700000,0x00000000e6700000,0x00000000e8300000)
 ParOldGen       total 217600K, used 37685K [0x0000000080000000, 0x000000008d480000, 0x00000000d5580000)
  object space 217600K, 17% used [0x0000000080000000,0x00000000824cd578,0x000000008d480000)
 Metaspace       used 75834K, capacity 79732K, committed 79784K, reserved 1118208K
  class space    used 10156K, capacity 10897K, committed 10920K, reserved 1048576K
Event: 29.904 GC heap after
Heap after GC invocations=17 (full 3):
 PSYoungGen      total 275968K, used 11485K [0x00000000d5580000, 0x00000000e8000000, 0x0000000100000000)
  eden space 250368K, 0% used [0x00000000d5580000,0x00000000d5580000,0x00000000e4a00000)
  from space 25600K, 44% used [0x00000000e6700000,0x00000000e7237730,0x00000000e8000000)
  to   space 27648K, 0% used [0x00000000e4a00000,0x00000000e4a00000,0x00000000e6500000)
 ParOldGen       total 217600K, used 52223K [0x0000000080000000, 0x000000008d480000, 0x00000000d5580000)
  object space 217600K, 23% used [0x0000000080000000,0x00000000832ffce0,0x000000008d480000)
 Metaspace       used 75834K, capacity 79732K, committed 79784K, reserved 1118208K
  class space    used 10156K, capacity 10897K, committed 10920K, reserved 1048576K
}
Event: 32.451 GC heap before
{Heap before GC invocations=18 (full 3):
 PSYoungGen      total 275968K, used 261853K [0x00000000d5580000, 0x00000000e8000000, 0x0000000100000000)
  eden space 250368K, 100% used [0x00000000d5580000,0x00000000e4a00000,0x00000000e4a00000)
  from space 25600K, 44% used [0x00000000e6700000,0x00000000e7237730,0x00000000e8000000)
  to   space 27648K, 0% used [0x00000000e4a00000,0x00000000e4a00000,0x00000000e6500000)
 ParOldGen       total 217600K, used 52223K [0x0000000080000000, 0x000000008d480000, 0x00000000d5580000)
  object space 217600K, 23% used [0x0000000080000000,0x00000000832ffce0,0x000000008d480000)
 Metaspace       used 80108K, capacity 85052K, committed 85288K, reserved 1122304K
  class space    used 10792K, capacity 11727K, committed 11816K, reserved 1048576K
Event: 32.464 GC heap after
Heap after GC invocations=18 (full 3):
 PSYoungGen      total 278016K, used 27643K [0x00000000d5580000, 0x00000000e8000000, 0x0000000100000000)
  eden space 250368K, 0% used [0x00000000d5580000,0x00000000d5580000,0x00000000e4a00000)
  from space 27648K, 99% used [0x00000000e4a00000,0x00000000e64fef78,0x00000000e6500000)
  to   space 25600K, 0% used [0x00000000e6700000,0x00000000e6700000,0x00000000e8000000)
 ParOldGen       total 217600K, used 53569K [0x0000000080000000, 0x000000008d480000, 0x00000000d5580000)
  object space 217600K, 24% used [0x0000000080000000,0x00000000834506f8,0x000000008d480000)
 Metaspace       used 80108K, capacity 85052K, committed 85288K, reserved 1122304K
  class space    used 10792K, capacity 11727K, committed 11816K, reserved 1048576K
}
Event: 32.497 GC heap before
{Heap before GC invocations=19 (full 3):
 PSYoungGen      total 278016K, used 37905K [0x00000000d5580000, 0x00000000e8000000, 0x0000000100000000)
  eden space 250368K, 4% used [0x00000000d5580000,0x00000000d5f857d0,0x00000000e4a00000)
  from space 27648K, 99% used [0x00000000e4a00000,0x00000000e64fef78,0x00000000e6500000)
  to   space 25600K, 0% used [0x00000000e6700000,0x00000000e6700000,0x00000000e8000000)
 ParOldGen       total 217600K, used 53569K [0x0000000080000000, 0x000000008d480000, 0x00000000d5580000)
  object space 217600K, 24% used [0x0000000080000000,0x00000000834506f8,0x000000008d480000)
 Metaspace       used 80759K, capacity 85856K, committed 85928K, reserved 1130496K
  class space    used 10909K, capacity 11872K, committed 11944K, reserved 1048576K
Event: 32.507 GC heap after
Heap after GC invocations=19 (full 3):
 PSYoungGen      total 275968K, used 16623K [0x00000000d5580000, 0x00000000e8000000, 0x0000000100000000)
  eden space 250368K, 0% used [0x00000000d5580000,0x00000000d5580000,0x00000000e4a00000)
  from space 25600K, 64% used [0x00000000e6700000,0x00000000e773bd18,0x00000000e8000000)
  to   space 27648K, 0% used [0x00000000e4a00000,0x00000000e4a00000,0x00000000e6500000)
 ParOldGen       total 217600K, used 60159K [0x0000000080000000, 0x000000008d480000, 0x00000000d5580000)
  object space 217600K, 27% used [0x0000000080000000,0x0000000083abfc50,0x000000008d480000)
 Metaspace       used 80759K, capacity 85856K, committed 85928K, reserved 1130496K
  class space    used 10909K, capacity 11872K, committed 11944K, reserved 1048576K
}
Event: 32.507 GC heap before
{Heap before GC invocations=20 (full 4):
 PSYoungGen      total 275968K, used 16623K [0x00000000d5580000, 0x00000000e8000000, 0x0000000100000000)
  eden space 250368K, 0% used [0x00000000d5580000,0x00000000d5580000,0x00000000e4a00000)
  from space 25600K, 64% used [0x00000000e6700000,0x00000000e773bd18,0x00000000e8000000)
  to   space 27648K, 0% used [0x00000000e4a00000,0x00000000e4a00000,0x00000000e6500000)
 ParOldGen       total 217600K, used 60159K [0x0000000080000000, 0x000000008d480000, 0x00000000d5580000)
  object space 217600K, 27% used [0x0000000080000000,0x0000000083abfc50,0x000000008d480000)
 Metaspace       used 80759K, capacity 85856K, committed 85928K, reserved 1130496K
  class space    used 10909K, capacity 11872K, committed 11944K, reserved 1048576K
Event: 32.638 GC heap after
Heap after GC invocations=20 (full 4):
 PSYoungGen      total 275968K, used 0K [0x00000000d5580000, 0x00000000e8000000, 0x0000000100000000)
  eden space 250368K, 0% used [0x00000000d5580000,0x00000000d5580000,0x00000000e4a00000)
  from space 25600K, 0% used [0x00000000e6700000,0x00000000e6700000,0x00000000e8000000)
  to   space 27648K, 0% used [0x00000000e4a00000,0x00000000e4a00000,0x00000000e6500000)
 ParOldGen       total 217600K, used 65960K [0x0000000080000000, 0x000000008d480000, 0x00000000d5580000)
  object space 217600K, 30% used [0x0000000080000000,0x000000008406a2f0,0x000000008d480000)
 Metaspace       used 80037K, capacity 83859K, committed 85928K, reserved 1126400K
  class space    used 10673K, capacity 11455K, committed 11944K, reserved 1048576K
}

Deoptimization events (10 events):
Event: 32.717 Thread 0x0000000020c94000 Uncommon trap: reason=unstable_if action=reinterpret pc=0x00000000057fd7e8 method=com.android.tools.r8.graph.i0.a(C[BI)I @ 1
Event: 32.873 Thread 0x000000002ad06000 Uncommon trap: reason=bimorphic action=maybe_recompile pc=0x0000000005385f4c method=java.io.ObjectOutputStream$BlockDataOutputStream.drain()V @ 36
Event: 32.874 Thread 0x000000002ad06000 Uncommon trap: reason=bimorphic action=maybe_recompile pc=0x00000000054969b8 method=java.io.ObjectOutputStream$BlockDataOutputStream.drain()V @ 36
Event: 32.874 Thread 0x000000002ad06000 Uncommon trap: reason=bimorphic action=maybe_recompile pc=0x0000000005385f4c method=java.io.ObjectOutputStream$BlockDataOutputStream.drain()V @ 36
Event: 32.874 Thread 0x000000002ad06000 Uncommon trap: reason=bimorphic action=maybe_recompile pc=0x00000000053a726c method=java.io.ObjectOutputStream$BlockDataOutputStream.write([BIIZ)V @ 23
Event: 32.874 Thread 0x000000002ad06000 Uncommon trap: reason=bimorphic action=maybe_recompile pc=0x00000000054969b8 method=java.io.ObjectOutputStream$BlockDataOutputStream.drain()V @ 36
Event: 32.874 Thread 0x000000002ad06000 Uncommon trap: reason=bimorphic action=maybe_recompile pc=0x0000000005385f4c method=java.io.ObjectOutputStream$BlockDataOutputStream.drain()V @ 36
Event: 32.874 Thread 0x000000002ad06000 Uncommon trap: reason=bimorphic action=maybe_recompile pc=0x00000000053a726c method=java.io.ObjectOutputStream$BlockDataOutputStream.write([BIIZ)V @ 23
Event: 32.876 Thread 0x000000002ad06000 Uncommon trap: reason=bimorphic action=maybe_recompile pc=0x00000000053a726c method=java.io.ObjectOutputStream$BlockDataOutputStream.write([BIIZ)V @ 23
Event: 32.876 Thread 0x000000002ad06000 Uncommon trap: reason=bimorphic action=maybe_recompile pc=0x00000000053a726c method=java.io.ObjectOutputStream$BlockDataOutputStream.write([BIIZ)V @ 23

Classes redefined (0 events):
No events

Internal exceptions (10 events):
Event: 32.360 Thread 0x0000000020c8e000 Exception <a 'java/lang/OutOfMemoryError'> (0x00000000e317ae00) thrown at [C:\src\AOSP-openjdk-git\hotspot\src\share\vm\prims\jni.cpp, line 737]
Event: 32.367 Thread 0x0000000020c96000 Exception <a 'sun/nio/fs/WindowsException'> (0x00000000e33db430) thrown at [C:\src\AOSP-openjdk-git\hotspot\src\share\vm\prims\jni.cpp, line 710]
Event: 32.377 Thread 0x0000000020c95800 Exception <a 'sun/nio/fs/WindowsException'> (0x00000000e37b8510) thrown at [C:\src\AOSP-openjdk-git\hotspot\src\share\vm\prims\jni.cpp, line 710]
Event: 32.381 Thread 0x0000000020c8f800 Exception <a 'sun/nio/fs/WindowsException'> (0x00000000e38eac40) thrown at [C:\src\AOSP-openjdk-git\hotspot\src\share\vm\prims\jni.cpp, line 710]
Event: 32.383 Thread 0x0000000020c8e000 Exception <a 'sun/nio/fs/WindowsException'> (0x00000000e3a2e230) thrown at [C:\src\AOSP-openjdk-git\hotspot\src\share\vm\prims\jni.cpp, line 710]
Event: 32.393 Thread 0x0000000020c91000 Exception <a 'sun/nio/fs/WindowsException'> (0x00000000e3d3f6f8) thrown at [C:\src\AOSP-openjdk-git\hotspot\src\share\vm\prims\jni.cpp, line 710]
Event: 32.667 Thread 0x0000000020c97000 Exception <a 'java/lang/IncompatibleClassChangeError': Found class java.lang.Object, but interface was expected> (0x00000000d5da7620) thrown at [C:\src\AOSP-openjdk-git\hotspot\src\share\vm\interpreter\linkResolver.cpp, line 653]
Event: 32.667 Thread 0x0000000020c8f800 Exception <a 'java/lang/IncompatibleClassChangeError': Found class java.lang.Object, but interface was expected> (0x00000000d62b5c30) thrown at [C:\src\AOSP-openjdk-git\hotspot\src\share\vm\interpreter\linkResolver.cpp, line 653]
Event: 32.696 Thread 0x000000002ad06000 Implicit null exception at 0x000000000580a1b0 to 0x000000000580a1c0
Event: 32.879 Thread 0x0000000020c97000 Exception <a 'java/lang/NoSuchMethodError': java.lang.Object.b(Lcom/android/tools/r8/graph/n1$b;)Lcom/android/tools/r8/graph/n1$b;> (0x00000000dad07bd8) thrown at [C:\src\AOSP-openjdk-git\hotspot\src\share\vm\interpreter\linkResolver.cpp, line 620]

Events (10 events):
Event: 32.889 loading class org/apache/commons/codec/EncoderException
Event: 32.889 loading class org/apache/commons/codec/EncoderException done
Event: 32.889 loading class com/android/tools/r8/code/K1
Event: 32.890 loading class com/android/tools/r8/code/K1 done
Event: 32.890 loading class com/android/tools/r8/code/E1
Event: 32.890 loading class com/android/tools/r8/code/E1 done
Event: 32.890 loading class com/android/tools/r8/code/V0
Event: 32.890 loading class com/android/tools/r8/code/V0 done
Event: 32.890 loading class org/apache/commons/codec/binary/BaseNCodec$Context
Event: 32.890 loading class org/apache/commons/codec/binary/BaseNCodec$Context done


Dynamic libraries:
0x00007ff7d42a0000 - 0x00007ff7d42d1000 	D:\Android Studio\jre\bin\java.exe
0x00007ff964730000 - 0x00007ff964925000 	C:\WINDOWS\SYSTEM32\ntdll.dll
0x00007ff963090000 - 0x00007ff96314d000 	C:\WINDOWS\System32\KERNEL32.DLL
0x00007ff962200000 - 0x00007ff9624c8000 	C:\WINDOWS\System32\KERNELBASE.dll
0x00007ff963b20000 - 0x00007ff963bcc000 	C:\WINDOWS\System32\ADVAPI32.dll
0x00007ff963eb0000 - 0x00007ff963f4e000 	C:\WINDOWS\System32\msvcrt.dll
0x00007ff963bd0000 - 0x00007ff963c6b000 	C:\WINDOWS\System32\sechost.dll
0x00007ff963200000 - 0x00007ff96332b000 	C:\WINDOWS\System32\RPCRT4.dll
0x00007ff963330000 - 0x00007ff9634d0000 	C:\WINDOWS\System32\USER32.dll
0x00007ff962130000 - 0x00007ff962152000 	C:\WINDOWS\System32\win32u.dll
0x00007ff963e20000 - 0x00007ff963e4a000 	C:\WINDOWS\System32\GDI32.dll
0x00007ff961e70000 - 0x00007ff961f7b000 	C:\WINDOWS\System32\gdi32full.dll
0x00007ff962160000 - 0x00007ff9621fd000 	C:\WINDOWS\System32\msvcp_win.dll
0x00007ff961f80000 - 0x00007ff962080000 	C:\WINDOWS\System32\ucrtbase.dll
0x00007ff94e1d0000 - 0x00007ff94e46a000 	C:\WINDOWS\WinSxS\amd64_microsoft.windows.common-controls_6595b64144ccf1df_6.0.19041.844_none_ca00b6081b84eb1d\COMCTL32.dll
0x00007ff9643d0000 - 0x00007ff964400000 	C:\WINDOWS\System32\IMM32.DLL
0x0000000059710000 - 0x00000000597e2000 	D:\Android Studio\jre\jre\bin\msvcr100.dll
0x0000000058ec0000 - 0x000000005970b000 	D:\Android Studio\jre\jre\bin\server\jvm.dll
0x00007ff9644e0000 - 0x00007ff9644e8000 	C:\WINDOWS\System32\PSAPI.DLL
0x00007ff959490000 - 0x00007ff95949a000 	C:\WINDOWS\SYSTEM32\VERSION.dll
0x00007ff957970000 - 0x00007ff957997000 	C:\WINDOWS\SYSTEM32\WINMM.dll
0x00007ff921a90000 - 0x00007ff921a99000 	C:\WINDOWS\SYSTEM32\WSOCK32.dll
0x00007ff9644f0000 - 0x00007ff96455b000 	C:\WINDOWS\System32\WS2_32.dll
0x00007ff9509b0000 - 0x00007ff9509bf000 	D:\Android Studio\jre\jre\bin\verify.dll
0x00007ff94f640000 - 0x00007ff94f669000 	D:\Android Studio\jre\jre\bin\java.dll
0x00007ff950950000 - 0x00007ff950966000 	D:\Android Studio\jre\jre\bin\zip.dll
0x00007ff962940000 - 0x00007ff963082000 	C:\WINDOWS\System32\SHELL32.dll
0x00007ff95fcd0000 - 0x00007ff960460000 	C:\WINDOWS\SYSTEM32\windows.storage.dll
0x00007ff963f50000 - 0x00007ff9642a5000 	C:\WINDOWS\System32\combase.dll
0x00007ff9618e0000 - 0x00007ff96190c000 	C:\WINDOWS\SYSTEM32\Wldp.dll
0x00007ff964560000 - 0x00007ff96460e000 	C:\WINDOWS\System32\SHCORE.dll
0x00007ff964480000 - 0x00007ff9644d5000 	C:\WINDOWS\System32\shlwapi.dll
0x00007ff961db0000 - 0x00007ff961dcf000 	C:\WINDOWS\SYSTEM32\profapi.dll
0x00007ff94f620000 - 0x00007ff94f63a000 	D:\Android Studio\jre\jre\bin\net.dll
0x00007ff961650000 - 0x00007ff9616ba000 	C:\WINDOWS\system32\mswsock.dll
0x00007ff94ee40000 - 0x00007ff94ee53000 	D:\Android Studio\jre\jre\bin\nio.dll
0x00007ff94b530000 - 0x00007ff94b557000 	C:\Users\”‡“∞\.gradle\native\9f2fa17c089eee584f3420100432f77ec4c098959e4bf121a4d6054c26537dfb\windows-amd64\native-platform.dll
0x00007ff94f610000 - 0x00007ff94f61d000 	D:\Android Studio\jre\jre\bin\management.dll
0x00007ff961830000 - 0x00007ff961848000 	C:\WINDOWS\SYSTEM32\CRYPTSP.dll
0x00007ff960f80000 - 0x00007ff960fb4000 	C:\WINDOWS\system32\rsaenh.dll
0x00007ff962080000 - 0x00007ff9620a7000 	C:\WINDOWS\System32\bcrypt.dll
0x00007ff961d30000 - 0x00007ff961d5e000 	C:\WINDOWS\SYSTEM32\USERENV.dll
0x00007ff9620b0000 - 0x00007ff962130000 	C:\WINDOWS\System32\bcryptprimitives.dll
0x00007ff961820000 - 0x00007ff96182c000 	C:\WINDOWS\SYSTEM32\CRYPTBASE.dll
0x00007ff9612f0000 - 0x00007ff96132b000 	C:\WINDOWS\SYSTEM32\IPHLPAPI.DLL
0x00007ff9628c0000 - 0x00007ff9628c8000 	C:\WINDOWS\System32\NSI.dll
0x00007ff95a060000 - 0x00007ff95a077000 	C:\WINDOWS\SYSTEM32\dhcpcsvc6.DLL
0x00007ff95a350000 - 0x00007ff95a36d000 	C:\WINDOWS\SYSTEM32\dhcpcsvc.DLL
0x00007ff961340000 - 0x00007ff96140c000 	C:\WINDOWS\SYSTEM32\DNSAPI.dll
0x00007ff95b000000 - 0x00007ff95b00b000 	C:\WINDOWS\SYSTEM32\WINNSI.DLL
0x00007ff937e80000 - 0x00007ff938016000 	C:\Users\”‡“∞\.gradle\native\9f2fa17c089eee584f3420100432f77ec4c098959e4bf121a4d6054c26537dfb\windows-amd64\native-platform-file-events.dll
0x00007ff94af50000 - 0x00007ff94af74000 	D:\Android Studio\jre\jre\bin\sunec.dll
0x00007ff95a2a0000 - 0x00007ff95a2aa000 	C:\Windows\System32\rasadhlp.dll
0x00007ff952b00000 - 0x00007ff952b7f000 	C:\WINDOWS\System32\fwpuclnt.dll
0x00007ff94f350000 - 0x00007ff94f35b000 	D:\Android Studio\jre\jre\bin\sunmscapi.dll
0x00007ff9625d0000 - 0x00007ff96272f000 	C:\WINDOWS\System32\CRYPT32.dll
0x00007ff960cd0000 - 0x00007ff960d03000 	C:\WINDOWS\SYSTEM32\ntmarta.dll
0x00007ff95f3e0000 - 0x00007ff95f470000 	C:\WINDOWS\system32\apphelp.dll

VM Arguments:
jvm_args: -Xmx2048m -Dfile.encoding=UTF-8 -Duser.country=CN -Duser.language=zh -Duser.variant 
java_command: org.gradle.launcher.daemon.bootstrap.GradleDaemon 6.6
java_class_path (initial): C:\Users\”‡“∞\.gradle\wrapper\dists\gradle-6.6-bin\dflktxzwamd4bv66q00iv4ga9\gradle-6.6\lib\gradle-launcher-6.6.jar
Launcher Type: SUN_STANDARD

Environment Variables:
JAVA_HOME=D:\Program Files\Java
CLASSPATH=.;D:\Program Files\Java\lib\dt.jar;D:\Program Files\Java\lib\tools.jar
PATH=C:\Program Files\NVIDIA GPU Computing Toolkit\CUDA\v11.3\bin;C:\Program Files\NVIDIA GPU Computing Toolkit\CUDA\v11.3\libnvvp;D:\Program Files\Java\bin;C:\Windows\system32;C:\Windows;C:\Windows\System32\Wbem;C:\Windows\System32\WindowsPowerShell\v1.0\;C:\Windows\System32\OpenSSH\;C:\Program Files (x86)\NVIDIA Corporation\PhysX\Common;C:\Program Files\NVIDIA Corporation\NVIDIA NvDLISR;D:\Program Files\Java\jre\bin;E:\Git\cmd;C:\WINDOWS\system32;C:\WINDOWS;C:\WINDOWS\System32\Wbem;C:\WINDOWS\System32\WindowsPowerShell\v1.0\;C:\WINDOWS\System32\OpenSSH\;C:\Program Files\NVIDIA Corporation\Nsight Compute 2021.1.0\;C:\Program Files\NVIDIA GPU Computing Toolkit\CUDA\v11.3\lib\x64;D:\anaconda3;D:\anaconda3\Library\mingw-w64\bin;D:\anaconda3\Library\usr\bin;D:\anaconda3\Library\bin;D:\anaconda3\Scripts;C:\Users\”‡“∞\AppData\Local\Programs\Python\Python38-32\Scripts\;C:\Users\”‡“∞\AppData\Local\Programs\Python\Python38-32\;C:\Users\”‡“∞\AppData\Local\Microsoft\WindowsApps;C:\Program Files\Bandizip\;D:\PyCharm Community Edition 2020.2\bin;;D:\VS Code\Microsoft VS Code\bin;
USERNAME=”‡“∞
OS=Windows_NT
PROCESSOR_IDENTIFIER=AMD64 Family 23 Model 96 Stepping 1, AuthenticAMD



---------------  S Y S T E M  ---------------

OS: Windows 10.0 , 64 bit Build 19041 (10.0.19041.928)

CPU:total 12 (initial active 12) (12 cores per cpu, 1 threads per core) family 23 model 96 stepping 1, cmov, cx8, fxsr, mmx, sse, sse2, sse3, ssse3, sse4.1, sse4.2, popcnt, avx, avx2, aes, clmul, mmxext, 3dnowpref, lzcnt, sse4a, tsc, tscinvbit, tscinv, bmi1

Memory: 4k page, physical 16119108k(3095632k free), swap 29226304k(5136k free)

vm_info: OpenJDK 64-Bit Server VM (25.242-b01) for windows-amd64 JRE (1.8.0_242-release-1644-b01), built by "builder" with MS VC++ 10.0 (VS2010)

time: Sun Jul 11 18:22:47 2021
timezone: ÷–π˙±Í◊º ±º‰
elapsed time: 32 seconds (0d 0h 0m 32s)

