#
# There is insufficient memory for the Java Runtime Environment to continue.
# Native memory allocation (malloc) failed to allocate 1067056 bytes for Chunk::new
# Possible reasons:
#   The system is out of physical RAM or swap space
#   The process is running with CompressedOops enabled, and the Java Heap may be blocking the growth of the native heap
# Possible solutions:
#   Reduce memory load on the system
#   Increase physical memory or swap space
#   Check if swap backing store is full
#   Decrease Java heap size (-Xmx/-Xms)
#   Decrease number of Java threads
#   Decrease Java thread stack sizes (-Xss)
#   Set larger code cache with -XX:ReservedCodeCacheSize=
#   JVM is running with Unscaled Compressed Oops mode in which the Java heap is
#     placed in the first 4GB address space. The Java Heap base address is the
#     maximum limit for the native heap growth. Please use -XX:HeapBaseMinAddress
#     to set the Java Heap base and to place the Java Heap above 4GB virtual address.
# This output file may be truncated or incomplete.
#
#  Out of Memory Error (allocation.cpp:389), pid=20016, tid=0x00000000000045b0
#
# JRE version: OpenJDK Runtime Environment (8.0_242-b01) (build 1.8.0_242-release-1644-b01)
# Java VM: OpenJDK 64-Bit Server VM (25.242-b01 mixed mode windows-amd64 compressed oops)
# Failed to write core dump. Minidumps are not enabled by default on client versions of Windows
#

---------------  T H R E A D  ---------------

Current thread (0x0000000019380800):  JavaThread "C2 CompilerThread0" daemon [_thread_in_native, id=17840, stack(0x000000001a930000,0x000000001aa30000)]

Stack: [0x000000001a930000,0x000000001aa30000]
[error occurred during error reporting (printing stack bounds), id 0xc0000005]

Native frames: (J=compiled Java code, j=interpreted, Vv=VM code, C=native code)


Current CompileTask:
C2:  22208 6306 %     4       org.objectweb.asm.ClassReader::readCode @ 71 (5089 bytes)


---------------  P R O C E S S  ---------------

Java Threads: ( => current thread )
  0x000000001f3d2000 JavaThread "pool-1-thread-1" [_thread_blocked, id=14676, stack(0x000000002a610000,0x000000002a710000)]
  0x000000001f3d0000 JavaThread "jar transforms Thread 92" [_thread_blocked, id=13988, stack(0x000000002a310000,0x000000002a410000)]
  0x000000001f3cf000 JavaThread "jar transforms Thread 91" [_thread_blocked, id=10216, stack(0x000000002a210000,0x000000002a310000)]
  0x000000001f3ce800 JavaThread "jar transforms Thread 90" [_thread_blocked, id=24200, stack(0x000000002a110000,0x000000002a210000)]
  0x000000001f3d3000 JavaThread "jar transforms Thread 89" [_thread_blocked, id=16272, stack(0x000000002a010000,0x000000002a110000)]
  0x000000001f6fe800 JavaThread "jar transforms Thread 88" [_thread_blocked, id=24256, stack(0x0000000029f10000,0x000000002a010000)]
  0x000000001f6ff800 JavaThread "jar transforms Thread 87" [_thread_blocked, id=24328, stack(0x0000000029e10000,0x0000000029f10000)]
  0x000000001f6fe000 JavaThread "jar transforms Thread 86" [_thread_blocked, id=26656, stack(0x0000000029d10000,0x0000000029e10000)]
  0x000000001f6fd000 JavaThread "jar transforms Thread 85" [_thread_blocked, id=16480, stack(0x0000000029c10000,0x0000000029d10000)]
  0x000000001f6fc800 JavaThread "jar transforms Thread 84" [_thread_blocked, id=26612, stack(0x0000000029b10000,0x0000000029c10000)]
  0x000000001f6fb800 JavaThread "jar transforms Thread 83" [_thread_blocked, id=20004, stack(0x0000000029a10000,0x0000000029b10000)]
  0x000000001f6fb000 JavaThread "jar transforms Thread 82" [_thread_blocked, id=14004, stack(0x0000000029910000,0x0000000029a10000)]
  0x000000001f6f3800 JavaThread "jar transforms Thread 81" [_thread_blocked, id=2480, stack(0x0000000029810000,0x0000000029910000)]
  0x000000001f6f9800 JavaThread "jar transforms Thread 80" [_thread_blocked, id=25156, stack(0x0000000029710000,0x0000000029810000)]
  0x000000001f6f8800 JavaThread "jar transforms Thread 79" [_thread_blocked, id=24088, stack(0x0000000029610000,0x0000000029710000)]
  0x000000001f6fa000 JavaThread "jar transforms Thread 78" [_thread_blocked, id=21640, stack(0x0000000029510000,0x0000000029610000)]
  0x000000001f6f2800 JavaThread "jar transforms Thread 77" [_thread_blocked, id=27368, stack(0x0000000029410000,0x0000000029510000)]
  0x000000001f6f4000 JavaThread "jar transforms Thread 76" [_thread_blocked, id=24048, stack(0x0000000029310000,0x0000000029410000)]
  0x000000001f6f2000 JavaThread "jar transforms Thread 75" [_thread_blocked, id=23964, stack(0x0000000029210000,0x0000000029310000)]
  0x000000001f6f1000 JavaThread "jar transforms Thread 74" [_thread_blocked, id=20616, stack(0x0000000029110000,0x0000000029210000)]
  0x000000001f6f8000 JavaThread "jar transforms Thread 73" [_thread_blocked, id=22320, stack(0x0000000029010000,0x0000000029110000)]
  0x000000001f6f0800 JavaThread "jar transforms Thread 72" [_thread_blocked, id=13664, stack(0x0000000028f10000,0x0000000029010000)]
  0x000000001f6f5800 JavaThread "jar transforms Thread 71" [_thread_blocked, id=22728, stack(0x0000000028e10000,0x0000000028f10000)]
  0x000000001f6f7000 JavaThread "jar transforms Thread 70" [_thread_blocked, id=27440, stack(0x0000000028d10000,0x0000000028e10000)]
  0x000000001f6f6800 JavaThread "jar transforms Thread 69" [_thread_blocked, id=24468, stack(0x0000000028c10000,0x0000000028d10000)]
  0x000000001f6f5000 JavaThread "jar transforms Thread 68" [_thread_blocked, id=8000, stack(0x0000000028b10000,0x0000000028c10000)]
  0x00000000260c6800 JavaThread "jar transforms Thread 67" [_thread_blocked, id=13304, stack(0x0000000028a10000,0x0000000028b10000)]
  0x00000000260c8800 JavaThread "jar transforms Thread 66" [_thread_blocked, id=26820, stack(0x0000000028810000,0x0000000028910000)]
  0x00000000260ca000 JavaThread "jar transforms Thread 65" [_thread_blocked, id=21152, stack(0x0000000027850000,0x0000000027950000)]
  0x00000000260c8000 JavaThread "jar transforms Thread 64" [_thread_blocked, id=19128, stack(0x00000000274f0000,0x00000000275f0000)]
  0x00000000260c9800 JavaThread "jar transforms Thread 63" [_thread_blocked, id=16316, stack(0x0000000028710000,0x0000000028810000)]
  0x00000000260c5800 JavaThread "jar transforms Thread 62" [_thread_blocked, id=24824, stack(0x0000000028610000,0x0000000028710000)]
  0x00000000260c5000 JavaThread "jar transforms Thread 61" [_thread_blocked, id=20476, stack(0x0000000028510000,0x0000000028610000)]
  0x00000000260c3800 JavaThread "jar transforms Thread 60" [_thread_blocked, id=22772, stack(0x0000000028410000,0x0000000028510000)]
  0x00000000260c7000 JavaThread "jar transforms Thread 59" [_thread_blocked, id=3228, stack(0x0000000028310000,0x0000000028410000)]
  0x00000000260c0800 JavaThread "jar transforms Thread 58" [_thread_blocked, id=13556, stack(0x0000000028210000,0x0000000028310000)]
  0x00000000260c4000 JavaThread "jar transforms Thread 57" [_thread_blocked, id=1248, stack(0x0000000028110000,0x0000000028210000)]
  0x00000000260c2800 JavaThread "jar transforms Thread 56" [_thread_blocked, id=2928, stack(0x0000000028010000,0x0000000028110000)]
  0x00000000260bd800 JavaThread "jar transforms Thread 55" [_thread_blocked, id=21472, stack(0x0000000027f10000,0x0000000028010000)]
  0x00000000260bb000 JavaThread "jar transforms Thread 54" [_thread_blocked, id=17340, stack(0x0000000027e10000,0x0000000027f10000)]
  0x00000000260bf800 JavaThread "jar transforms Thread 53" [_thread_blocked, id=10272, stack(0x0000000027d10000,0x0000000027e10000)]
  0x00000000260c1000 JavaThread "jar transforms Thread 52" [_thread_blocked, id=16744, stack(0x0000000027c10000,0x0000000027d10000)]
  0x00000000260be000 JavaThread "jar transforms Thread 51" [_thread_blocked, id=20432, stack(0x0000000027b10000,0x0000000027c10000)]
  0x00000000260bc000 JavaThread "jar transforms Thread 50" [_thread_blocked, id=27088, stack(0x0000000027a10000,0x0000000027b10000)]
  0x00000000260c2000 JavaThread "jar transforms Thread 49" [_thread_blocked, id=2584, stack(0x0000000027750000,0x0000000027850000)]
  0x00000000260bf000 JavaThread "jar transforms Thread 48" [_thread_blocked, id=6280, stack(0x0000000027650000,0x0000000027750000)]
  0x00000000260bc800 JavaThread "jar transforms Thread 47" [_thread_blocked, id=1988, stack(0x00000000273f0000,0x00000000274f0000)]
  0x00000000209cc000 JavaThread "jar transforms Thread 46" [_thread_blocked, id=3300, stack(0x00000000272f0000,0x00000000273f0000)]
  0x00000000209cd800 JavaThread "jar transforms Thread 45" [_thread_blocked, id=27576, stack(0x00000000271f0000,0x00000000272f0000)]
  0x00000000209cd000 JavaThread "jar transforms Thread 44" [_thread_blocked, id=15016, stack(0x00000000270f0000,0x00000000271f0000)]
  0x00000000209cb800 JavaThread "jar transforms Thread 43" [_thread_blocked, id=21668, stack(0x0000000026ff0000,0x00000000270f0000)]
  0x00000000209ce800 JavaThread "jar transforms Thread 42" [_thread_blocked, id=9580, stack(0x0000000026ef0000,0x0000000026ff0000)]
  0x00000000209c4800 JavaThread "jar transforms Thread 41" [_thread_blocked, id=25480, stack(0x0000000026df0000,0x0000000026ef0000)]
  0x00000000209ca800 JavaThread "jar transforms Thread 40" [_thread_blocked, id=27396, stack(0x0000000025d20000,0x0000000025e20000)]
  0x00000000209c3000 JavaThread "jar transforms Thread 39" [_thread_blocked, id=11884, stack(0x0000000025c20000,0x0000000025d20000)]
  0x00000000209ca000 JavaThread "jar transforms Thread 38" [_thread_blocked, id=4300, stack(0x0000000025b20000,0x0000000025c20000)]
  0x00000000209c2800 JavaThread "jar transforms Thread 37" [_thread_blocked, id=16396, stack(0x0000000025a20000,0x0000000025b20000)]
  0x00000000209c9000 JavaThread "jar transforms Thread 36" [_thread_blocked, id=26280, stack(0x0000000025920000,0x0000000025a20000)]
  0x00000000209c1800 JavaThread "jar transforms Thread 35" [_thread_blocked, id=27016, stack(0x0000000025820000,0x0000000025920000)]
  0x00000000209c8800 JavaThread "jar transforms Thread 34" [_thread_blocked, id=24164, stack(0x0000000025720000,0x0000000025820000)]
  0x00000000209c7800 JavaThread "jar transforms Thread 33" [_thread_blocked, id=17800, stack(0x0000000025620000,0x0000000025720000)]
  0x00000000209c0000 JavaThread "jar transforms Thread 32" [_thread_blocked, id=19252, stack(0x0000000025520000,0x0000000025620000)]
  0x00000000209c7000 JavaThread "jar transforms Thread 31" [_thread_blocked, id=22524, stack(0x0000000025420000,0x0000000025520000)]
  0x00000000209bf800 JavaThread "jar transforms Thread 30" [_thread_blocked, id=2712, stack(0x0000000025320000,0x0000000025420000)]
  0x00000000209c4000 JavaThread "jar transforms Thread 29" [_thread_blocked, id=22952, stack(0x0000000025220000,0x0000000025320000)]
  0x00000000209c6000 JavaThread "jar transforms Thread 28" [_thread_blocked, id=3668, stack(0x0000000025120000,0x0000000025220000)]
  0x00000000209c1000 JavaThread "jar transforms Thread 27" [_thread_blocked, id=14420, stack(0x0000000025020000,0x0000000025120000)]
  0x00000000209c5800 JavaThread "jar transforms Thread 26" [_thread_blocked, id=22232, stack(0x0000000024f20000,0x0000000025020000)]
  0x000000001f177000 JavaThread "jar transforms Thread 25" [_thread_blocked, id=13696, stack(0x0000000024e20000,0x0000000024f20000)]
  0x000000001f176800 JavaThread "jar transforms Thread 24" [_thread_blocked, id=27584, stack(0x0000000024d20000,0x0000000024e20000)]
  0x000000001f175000 JavaThread "jar transforms Thread 23" [_thread_blocked, id=19828, stack(0x0000000024c20000,0x0000000024d20000)]
  0x000000001f173800 JavaThread "jar transforms Thread 22" [_thread_blocked, id=17336, stack(0x0000000024b20000,0x0000000024c20000)]
  0x000000001f175800 JavaThread "jar transforms Thread 21" [_thread_blocked, id=20544, stack(0x0000000024a20000,0x0000000024b20000)]
  0x000000001f174000 JavaThread "jar transforms Thread 20" [_thread_blocked, id=5316, stack(0x0000000024920000,0x0000000024a20000)]
  0x000000001f172800 JavaThread "jar transforms Thread 19" [_thread_blocked, id=14084, stack(0x0000000024820000,0x0000000024920000)]
  0x000000001f16b000 JavaThread "jar transforms Thread 18" [_thread_blocked, id=10268, stack(0x0000000024720000,0x0000000024820000)]
  0x000000001f172000 JavaThread "jar transforms Thread 17" [_thread_blocked, id=26116, stack(0x0000000024620000,0x0000000024720000)]
  0x000000001f16a800 JavaThread "jar transforms Thread 16" [_thread_blocked, id=6792, stack(0x0000000024520000,0x0000000024620000)]
  0x000000001f171000 JavaThread "jar transforms Thread 15" [_thread_blocked, id=10772, stack(0x0000000024420000,0x0000000024520000)]
  0x000000001f170800 JavaThread "jar transforms Thread 14" [_thread_blocked, id=11400, stack(0x0000000024320000,0x0000000024420000)]
  0x000000001f169000 JavaThread "jar transforms Thread 13" [_thread_blocked, id=17404, stack(0x0000000024220000,0x0000000024320000)]
  0x000000001f16f000 JavaThread "jar transforms Thread 12" [_thread_blocked, id=3804, stack(0x0000000024120000,0x0000000024220000)]
  0x000000001f16f800 JavaThread "jar transforms Thread 11" [_thread_blocked, id=27272, stack(0x0000000024020000,0x0000000024120000)]
  0x000000001f16d800 JavaThread "jar transforms Thread 10" [_thread_blocked, id=20236, stack(0x0000000023f20000,0x0000000024020000)]
  0x000000001f16c000 JavaThread "jar transforms Thread 9" [_thread_blocked, id=27288, stack(0x0000000023e20000,0x0000000023f20000)]
  0x000000001f16c800 JavaThread "jar transforms Thread 8" [_thread_blocked, id=21024, stack(0x0000000023d20000,0x0000000023e20000)]
  0x000000001f169800 JavaThread "jar transforms Thread 7" [_thread_blocked, id=24984, stack(0x0000000023c20000,0x0000000023d20000)]
  0x000000001f168000 JavaThread "jar transforms Thread 6" [_thread_blocked, id=20668, stack(0x0000000023b20000,0x0000000023c20000)]
  0x000000001f16e000 JavaThread "jar transforms Thread 5" [_thread_blocked, id=3132, stack(0x0000000023a20000,0x0000000023b20000)]
  0x000000001ffeb000 JavaThread "jar transforms Thread 4" [_thread_blocked, id=5764, stack(0x0000000023920000,0x0000000023a20000)]
  0x000000001ffed800 JavaThread "jar transforms Thread 3" [_thread_blocked, id=8652, stack(0x0000000023820000,0x0000000023920000)]
  0x000000001ffec800 JavaThread "jar transforms Thread 2" [_thread_blocked, id=24500, stack(0x0000000023720000,0x0000000023820000)]
  0x000000001ffe9000 JavaThread "Build operations Thread 12" [_thread_blocked, id=9300, stack(0x0000000023620000,0x0000000023720000)]
  0x000000001ffea800 JavaThread "Build operations Thread 11" [_thread_blocked, id=23764, stack(0x0000000023520000,0x0000000023620000)]
  0x000000001ffe8000 JavaThread "Build operations Thread 10" [_thread_blocked, id=10876, stack(0x0000000023420000,0x0000000023520000)]
  0x000000001ffec000 JavaThread "Build operations Thread 9" [_thread_blocked, id=17656, stack(0x0000000023320000,0x0000000023420000)]
  0x000000001ffe7800 JavaThread "Build operations Thread 8" [_thread_blocked, id=12176, stack(0x0000000023220000,0x0000000023320000)]
  0x000000001ffe9800 JavaThread "Build operations Thread 7" [_thread_blocked, id=8316, stack(0x0000000023120000,0x0000000023220000)]
  0x000000001ffe6000 JavaThread "Build operations Thread 6" [_thread_blocked, id=6440, stack(0x0000000023020000,0x0000000023120000)]
  0x000000001ffe0000 JavaThread "Build operations Thread 5" [_thread_blocked, id=26972, stack(0x0000000022f20000,0x0000000023020000)]
  0x000000001ffe5000 JavaThread "Build operations Thread 4" [_thread_blocked, id=12392, stack(0x0000000022e20000,0x0000000022f20000)]
  0x000000001ffe1800 JavaThread "Build operations Thread 3" [_thread_blocked, id=19228, stack(0x0000000022d20000,0x0000000022e20000)]
  0x000000001ffe6800 JavaThread "Build operations Thread 2" [_thread_blocked, id=9024, stack(0x0000000022c20000,0x0000000022d20000)]
  0x000000001ffe4800 JavaThread "Build operations" [_thread_blocked, id=26856, stack(0x0000000022b20000,0x0000000022c20000)]
  0x000000001ffde800 JavaThread "Cache worker for Build Output Cleanup Cache (E:\Android\AndroidStudioProjects\AILab\.gradle\buildOutputCleanup)" [_thread_blocked, id=9436, stack(0x0000000022820000,0x0000000022920000)]
  0x000000001ffe3000 JavaThread "Cache worker for file content cache (C:\Users\‰ΩôÈáé\.gradle\caches\6.6\fileContent)" [_thread_blocked, id=3684, stack(0x0000000022320000,0x0000000022420000)]
  0x000000001ccc1800 JavaThread "jar transforms" [_thread_blocked, id=27596, stack(0x0000000021e20000,0x0000000021f20000)]
  0x000000001ccc0000 JavaThread "Cache worker for execution history cache (C:\Users\‰ΩôÈáé\.gradle\caches\6.6\executionHistory)" [_thread_blocked, id=26768, stack(0x0000000021720000,0x0000000021820000)]
  0x000000001ccbf800 JavaThread "Cache worker for cache directory md-rule (C:\Users\‰ΩôÈáé\.gradle\caches\6.6\md-rule)" [_thread_blocked, id=11720, stack(0x0000000021620000,0x0000000021720000)]
  0x000000001ccbe000 JavaThread "Cache worker for cache directory md-supplier (C:\Users\‰ΩôÈáé\.gradle\caches\6.6\md-supplier)" [_thread_blocked, id=12236, stack(0x0000000021520000,0x0000000021620000)]
  0x000000001ccbe800 JavaThread "Cache worker for checksums cache (E:\Android\AndroidStudioProjects\AILab\.gradle\checksums)" [_thread_blocked, id=17268, stack(0x0000000021220000,0x0000000021320000)]
  0x000000001ccbd000 JavaThread "Cache worker for file hash cache (E:\Android\AndroidStudioProjects\AILab\.gradle\6.6\fileHashes)" [_thread_blocked, id=5532, stack(0x0000000021120000,0x0000000021220000)]
  0x000000001ccc2800 JavaThread "Cache worker for journal cache (C:\Users\‰ΩôÈáé\.gradle\caches\journal-1)" [_thread_blocked, id=5348, stack(0x000000001ec80000,0x000000001ed80000)]
  0x000000001ccbc800 JavaThread "File lock request listener" [_thread_in_native, id=22924, stack(0x000000001eb80000,0x000000001ec80000)]
  0x000000001cc42800 JavaThread "Cache worker for file hash cache (C:\Users\‰ΩôÈáé\.gradle\caches\6.6\fileHashes)" [_thread_blocked, id=18172, stack(0x000000001ea80000,0x000000001eb80000)]
  0x000000001cbd2800 JavaThread "Thread-9" [_thread_blocked, id=16024, stack(0x000000001e780000,0x000000001e880000)]
  0x000000001cbd1800 JavaThread "Stdin handler" [_thread_blocked, id=13832, stack(0x000000001e680000,0x000000001e780000)]
  0x000000001cbd0000 JavaThread "Asynchronous log dispatcher for DefaultDaemonConnection: socket connection from /127.0.0.1:55134 to /127.0.0.1:55135" [_thread_blocked, id=26284, stack(0x000000001e580000,0x000000001e680000)]
  0x000000001cbe3000 JavaThread "Daemon worker" [_thread_in_Java, id=3444, stack(0x000000001e480000,0x000000001e580000)]
  0x000000001cc0e000 JavaThread "Cancel handler" [_thread_blocked, id=25908, stack(0x000000001e380000,0x000000001e480000)]
  0x000000001cb9c000 JavaThread "Handler for socket connection from /127.0.0.1:55134 to /127.0.0.1:55135" [_thread_in_native, id=9388, stack(0x000000001e280000,0x000000001e380000)]
  0x000000001cbb5000 JavaThread "Daemon" [_thread_blocked, id=12004, stack(0x000000001e080000,0x000000001e180000)]
  0x000000001cb81800 JavaThread "Daemon periodic checks" [_thread_blocked, id=15060, stack(0x000000001dd80000,0x000000001de80000)]
  0x000000001cb7f800 JavaThread "Incoming local TCP Connector on port 55134" [_thread_in_native, id=24136, stack(0x000000001dbd0000,0x000000001dcd0000)]
  0x000000001ca7f800 JavaThread "Daemon health stats" [_thread_blocked, id=27128, stack(0x000000001d8d0000,0x000000001d9d0000)]
  0x000000001947a800 JavaThread "Service Thread" daemon [_thread_blocked, id=16372, stack(0x000000001ad30000,0x000000001ae30000)]
  0x00000000193e4000 JavaThread "C1 CompilerThread3" daemon [_thread_blocked, id=27420, stack(0x000000001ac30000,0x000000001ad30000)]
  0x0000000017c9e000 JavaThread "C2 CompilerThread2" daemon [_thread_in_native, id=25016, stack(0x000000001ab30000,0x000000001ac30000)]
  0x0000000019386800 JavaThread "C2 CompilerThread1" daemon [_thread_in_native, id=5516, stack(0x000000001aa30000,0x000000001ab30000)]
=>0x0000000019380800 JavaThread "C2 CompilerThread0" daemon [_thread_in_native, id=17840, stack(0x000000001a930000,0x000000001aa30000)]
  0x000000001937e000 JavaThread "Attach Listener" daemon [_thread_blocked, id=5864, stack(0x000000001a830000,0x000000001a930000)]
  0x00000000193e1000 JavaThread "Signal Dispatcher" daemon [_thread_blocked, id=23260, stack(0x000000001a730000,0x000000001a830000)]
  0x0000000002a1b000 JavaThread "Finalizer" daemon [_thread_blocked, id=24964, stack(0x000000001a5d0000,0x000000001a6d0000)]
  0x0000000019363000 JavaThread "Reference Handler" daemon [_thread_blocked, id=23808, stack(0x000000001a4d0000,0x000000001a5d0000)]
  0x00000000023ee000 JavaThread "main" [_thread_blocked, id=16924, stack(0x0000000002820000,0x0000000002920000)]

Other Threads:
  0x0000000019342800 VMThread [stack: 0x000000001a3d0000,0x000000001a4d0000] [id=24856]
  0x00000000193fa800 WatcherThread [stack: 0x000000001ae30000,0x000000001af30000] [id=26040]

VM state:not at safepoint (normal execution)

VM Mutex/Monitor currently owned by a thread: None

heap address: 0x0000000080000000, size: 2048 MB, Compressed Oops mode: 32-bit
Narrow klass base: 0x0000000000000000, Narrow klass shift: 3
Compressed class space size: 1073741824 Address: 0x0000000100000000

Heap:
 PSYoungGen      total 303616K, used 169461K [0x00000000d5580000, 0x00000000e8b80000, 0x0000000100000000)
  eden space 290816K, 57% used [0x00000000d5580000,0x00000000df778638,0x00000000e7180000)
  from space 12800K, 28% used [0x00000000e7e00000,0x00000000e8184e90,0x00000000e8a80000)
  to   space 12800K, 0% used [0x00000000e7180000,0x00000000e7180000,0x00000000e7e00000)
 ParOldGen       total 162304K, used 23549K [0x0000000080000000, 0x0000000089e80000, 0x00000000d5580000)
  object space 162304K, 14% used [0x0000000080000000,0x00000000816ff4e0,0x0000000089e80000)
 Metaspace       used 55642K, capacity 58002K, committed 58240K, reserved 1099776K
  class space    used 7298K, capacity 7798K, committed 7808K, reserved 1048576K

Card table byte_map: [0x0000000011de0000,0x00000000121f0000] byte_map_base: 0x00000000119e0000

Marking Bits: (ParMarkBitMap*) 0x000000005968f030
 Begin Bits: [0x0000000012ea0000, 0x0000000014ea0000)
 End Bits:   [0x0000000014ea0000, 0x0000000016ea0000)

Polling page: 0x0000000000b00000

CodeCache: size=245760Kb used=20971Kb max_used=20971Kb free=224788Kb
 bounds [0x0000000002a20000, 0x0000000003eb0000, 0x0000000011a20000]
 total_blobs=6637 nmethods=5851 adapters=698
 compilation: enabled

Compilation events (10 events):
Event: 22.195 Thread 0x00000000193e4000 6416       3       org.gradle.internal.logging.services.ProgressLoggingBridge::started (11 bytes)
Event: 22.195 Thread 0x00000000193e4000 nmethod 6416 0x0000000003eacb90 code [0x0000000003eacd00, 0x0000000003eacf28]
Event: 22.195 Thread 0x00000000193e4000 6418       3       org.gradle.internal.operations.DefaultBuildOperationExecutor::maybeStartUnmanagedThreadOperation (54 bytes)
Event: 22.196 Thread 0x00000000193e4000 nmethod 6418 0x0000000003ead010 code [0x0000000003ead260, 0x0000000003eae048]
Event: 22.196 Thread 0x00000000193e4000 6419       3       org.gradle.internal.operations.BuildOperationDescriptor::displayName (10 bytes)
Event: 22.196 Thread 0x00000000193e4000 nmethod 6419 0x0000000003eae650 code [0x0000000003eae7c0, 0x0000000003eaeab0]
Event: 22.196 Thread 0x00000000193e4000 6420       3       org.gradle.internal.operations.BuildOperationDescriptor$Builder::<init> (6 bytes)
Event: 22.197 Thread 0x00000000193e4000 nmethod 6420 0x0000000003eaec10 code [0x0000000003eaed80, 0x0000000003eaefd0]
Event: 22.197 Thread 0x00000000193e4000 6421       3       org.gradle.internal.operations.BuildOperationDescriptor$Builder::<init> (22 bytes)
Event: 22.197 Thread 0x00000000193e4000 nmethod 6421 0x0000000003eaf0d0 code [0x0000000003eaf240, 0x0000000003eaf430]

GC Heap History (10 events):
Event: 11.696 GC heap before
{Heap before GC invocations=16 (full 2):
 PSYoungGen      total 230912K, used 230882K [0x00000000d5580000, 0x00000000e8a80000, 0x0000000100000000)
  eden space 219136K, 100% used [0x00000000d5580000,0x00000000e2b80000,0x00000000e2b80000)
  from space 11776K, 99% used [0x00000000e2b80000,0x00000000e36f8aa8,0x00000000e3700000)
  to   space 12800K, 0% used [0x00000000e7e00000,0x00000000e7e00000,0x00000000e8a80000)
 ParOldGen       total 162304K, used 17398K [0x0000000080000000, 0x0000000089e80000, 0x00000000d5580000)
  object space 162304K, 10% used [0x0000000080000000,0x00000000810fd9b0,0x0000000089e80000)
 Metaspace       used 40607K, capacity 42242K, committed 42496K, reserved 1085440K
  class space    used 5427K, capacity 5766K, committed 5888K, reserved 1048576K
Event: 11.701 GC heap after
Heap after GC invocations=16 (full 2):
 PSYoungGen      total 303616K, used 6336K [0x00000000d5580000, 0x00000000e8b80000, 0x0000000100000000)
  eden space 290816K, 0% used [0x00000000d5580000,0x00000000d5580000,0x00000000e7180000)
  from space 12800K, 49% used [0x00000000e7e00000,0x00000000e84300e0,0x00000000e8a80000)
  to   space 12800K, 0% used [0x00000000e7180000,0x00000000e7180000,0x00000000e7e00000)
 ParOldGen       total 162304K, used 22560K [0x0000000080000000, 0x0000000089e80000, 0x00000000d5580000)
  object space 162304K, 13% used [0x0000000080000000,0x0000000081608160,0x0000000089e80000)
 Metaspace       used 40607K, capacity 42242K, committed 42496K, reserved 1085440K
  class space    used 5427K, capacity 5766K, committed 5888K, reserved 1048576K
}
Event: 12.002 GC heap before
{Heap before GC invocations=17 (full 2):
 PSYoungGen      total 303616K, used 297152K [0x00000000d5580000, 0x00000000e8b80000, 0x0000000100000000)
  eden space 290816K, 100% used [0x00000000d5580000,0x00000000e7180000,0x00000000e7180000)
  from space 12800K, 49% used [0x00000000e7e00000,0x00000000e84300e0,0x00000000e8a80000)
  to   space 12800K, 0% used [0x00000000e7180000,0x00000000e7180000,0x00000000e7e00000)
 ParOldGen       total 162304K, used 22560K [0x0000000080000000, 0x0000000089e80000, 0x00000000d5580000)
  object space 162304K, 13% used [0x0000000080000000,0x0000000081608160,0x0000000089e80000)
 Metaspace       used 40607K, capacity 42242K, committed 42496K, reserved 1085440K
  class space    used 5427K, capacity 5766K, committed 5888K, reserved 1048576K
Event: 12.006 GC heap after
Heap after GC invocations=17 (full 2):
 PSYoungGen      total 303616K, used 6016K [0x00000000d5580000, 0x00000000e8b80000, 0x0000000100000000)
  eden space 290816K, 0% used [0x00000000d5580000,0x00000000d5580000,0x00000000e7180000)
  from space 12800K, 47% used [0x00000000e7180000,0x00000000e77600d0,0x00000000e7e00000)
  to   space 12800K, 0% used [0x00000000e7e00000,0x00000000e7e00000,0x00000000e8a80000)
 ParOldGen       total 162304K, used 23197K [0x0000000080000000, 0x0000000089e80000, 0x00000000d5580000)
  object space 162304K, 14% used [0x0000000080000000,0x00000000816a74d0,0x0000000089e80000)
 Metaspace       used 40607K, capacity 42242K, committed 42496K, reserved 1085440K
  class space    used 5427K, capacity 5766K, committed 5888K, reserved 1048576K
}
Event: 12.665 GC heap before
{Heap before GC invocations=18 (full 2):
 PSYoungGen      total 303616K, used 296832K [0x00000000d5580000, 0x00000000e8b80000, 0x0000000100000000)
  eden space 290816K, 100% used [0x00000000d5580000,0x00000000e7180000,0x00000000e7180000)
  from space 12800K, 47% used [0x00000000e7180000,0x00000000e77600d0,0x00000000e7e00000)
  to   space 12800K, 0% used [0x00000000e7e00000,0x00000000e7e00000,0x00000000e8a80000)
 ParOldGen       total 162304K, used 23197K [0x0000000080000000, 0x0000000089e80000, 0x00000000d5580000)
  object space 162304K, 14% used [0x0000000080000000,0x00000000816a74d0,0x0000000089e80000)
 Metaspace       used 40608K, capacity 42242K, committed 42496K, reserved 1085440K
  class space    used 5427K, capacity 5766K, committed 5888K, reserved 1048576K
Event: 12.671 GC heap after
Heap after GC invocations=18 (full 2):
 PSYoungGen      total 303616K, used 5888K [0x00000000d5580000, 0x00000000e8b80000, 0x0000000100000000)
  eden space 290816K, 0% used [0x00000000d5580000,0x00000000d5580000,0x00000000e7180000)
  from space 12800K, 46% used [0x00000000e7e00000,0x00000000e83c00d0,0x00000000e8a80000)
  to   space 12800K, 0% used [0x00000000e7180000,0x00000000e7180000,0x00000000e7e00000)
 ParOldGen       total 162304K, used 23541K [0x0000000080000000, 0x0000000089e80000, 0x00000000d5580000)
  object space 162304K, 14% used [0x0000000080000000,0x00000000816fd4e0,0x0000000089e80000)
 Metaspace       used 40608K, capacity 42242K, committed 42496K, reserved 1085440K
  class space    used 5427K, capacity 5766K, committed 5888K, reserved 1048576K
}
Event: 16.478 GC heap before
{Heap before GC invocations=19 (full 2):
 PSYoungGen      total 303616K, used 296704K [0x00000000d5580000, 0x00000000e8b80000, 0x0000000100000000)
  eden space 290816K, 100% used [0x00000000d5580000,0x00000000e7180000,0x00000000e7180000)
  from space 12800K, 46% used [0x00000000e7e00000,0x00000000e83c00d0,0x00000000e8a80000)
  to   space 12800K, 0% used [0x00000000e7180000,0x00000000e7180000,0x00000000e7e00000)
 ParOldGen       total 162304K, used 23541K [0x0000000080000000, 0x0000000089e80000, 0x00000000d5580000)
  object space 162304K, 14% used [0x0000000080000000,0x00000000816fd4e0,0x0000000089e80000)
 Metaspace       used 40873K, capacity 42502K, committed 42752K, reserved 1085440K
  class space    used 5460K, capacity 5780K, committed 5888K, reserved 1048576K
Event: 16.482 GC heap after
Heap after GC invocations=19 (full 2):
 PSYoungGen      total 303616K, used 2880K [0x00000000d5580000, 0x00000000e8b80000, 0x0000000100000000)
  eden space 290816K, 0% used [0x00000000d5580000,0x00000000d5580000,0x00000000e7180000)
  from space 12800K, 22% used [0x00000000e7180000,0x00000000e74500d0,0x00000000e7e00000)
  to   space 12800K, 0% used [0x00000000e7e00000,0x00000000e7e00000,0x00000000e8a80000)
 ParOldGen       total 162304K, used 23549K [0x0000000080000000, 0x0000000089e80000, 0x00000000d5580000)
  object space 162304K, 14% used [0x0000000080000000,0x00000000816ff4e0,0x0000000089e80000)
 Metaspace       used 40873K, capacity 42502K, committed 42752K, reserved 1085440K
  class space    used 5460K, capacity 5780K, committed 5888K, reserved 1048576K
}
Event: 19.402 GC heap before
{Heap before GC invocations=20 (full 2):
 PSYoungGen      total 303616K, used 293696K [0x00000000d5580000, 0x00000000e8b80000, 0x0000000100000000)
  eden space 290816K, 100% used [0x00000000d5580000,0x00000000e7180000,0x00000000e7180000)
  from space 12800K, 22% used [0x00000000e7180000,0x00000000e74500d0,0x00000000e7e00000)
  to   space 12800K, 0% used [0x00000000e7e00000,0x00000000e7e00000,0x00000000e8a80000)
 ParOldGen       total 162304K, used 23549K [0x0000000080000000, 0x0000000089e80000, 0x00000000d5580000)
  object space 162304K, 14% used [0x0000000080000000,0x00000000816ff4e0,0x0000000089e80000)
 Metaspace       used 41137K, capacity 42798K, committed 43008K, reserved 1087488K
  class space    used 5482K, capacity 5823K, committed 5888K, reserved 1048576K
Event: 19.413 GC heap after
Heap after GC invocations=20 (full 2):
 PSYoungGen      total 303616K, used 3603K [0x00000000d5580000, 0x00000000e8b80000, 0x0000000100000000)
  eden space 290816K, 0% used [0x00000000d5580000,0x00000000d5580000,0x00000000e7180000)
  from space 12800K, 28% used [0x00000000e7e00000,0x00000000e8184e90,0x00000000e8a80000)
  to   space 12800K, 0% used [0x00000000e7180000,0x00000000e7180000,0x00000000e7e00000)
 ParOldGen       total 162304K, used 23549K [0x0000000080000000, 0x0000000089e80000, 0x00000000d5580000)
  object space 162304K, 14% used [0x0000000080000000,0x00000000816ff4e0,0x0000000089e80000)
 Metaspace       used 41137K, capacity 42798K, committed 43008K, reserved 1087488K
  class space    used 5482K, capacity 5823K, committed 5888K, reserved 1048576K
}

Deoptimization events (10 events):
Event: 21.582 Thread 0x000000001cbe3000 Uncommon trap: reason=unstable_if action=reinterpret pc=0x0000000003d342f4 method=com.sun.org.apache.xerces.internal.impl.XMLEntityScanner.checkBeforeLoad(Lcom/sun/xml/internal/stream/Entity$ScannedEntity;II)I @ 18
Event: 21.678 Thread 0x000000001cbe3000 Uncommon trap: reason=unstable_if action=reinterpret pc=0x0000000003738a6c method=org.gradle.internal.instantiation.generator.AbstractClassGenerator$InjectionAnnotationValidator.validateMethod(Ljava/lang/reflect/Method;Lorg/gradle/internal/reflect/Propert
Event: 21.678 Thread 0x000000001cbe3000 Uncommon trap: reason=unstable_if action=reinterpret pc=0x000000000365199c method=org.gradle.internal.instantiation.generator.AbstractClassGenerator$InjectionAnnotationValidator.validateMethod(Ljava/lang/reflect/Method;Lorg/gradle/internal/reflect/Propert
Event: 21.822 Thread 0x000000001f6fb000 Uncommon trap: reason=class_check action=maybe_recompile pc=0x0000000003bde250 method=org.objectweb.asm.ClassReader.readCode(Lorg/objectweb/asm/MethodVisitor;Lorg/objectweb/asm/Context;I)V @ 3875
Event: 21.822 Thread 0x000000001f6fb000 Uncommon trap: reason=class_check action=maybe_recompile pc=0x00000000039287dc method=org.objectweb.asm.MethodVisitor.visitIntInsn(II)V @ 13
Event: 21.822 Thread 0x000000001f6fb000 Uncommon trap: reason=class_check action=maybe_recompile pc=0x00000000039287dc method=org.objectweb.asm.MethodVisitor.visitIntInsn(II)V @ 13
Event: 21.834 Thread 0x000000001f6fb000 Uncommon trap: reason=class_check action=maybe_recompile pc=0x0000000003bde250 method=org.objectweb.asm.ClassReader.readCode(Lorg/objectweb/asm/MethodVisitor;Lorg/objectweb/asm/Context;I)V @ 3875
Event: 21.835 Thread 0x000000001f6fb000 Uncommon trap: reason=class_check action=maybe_recompile pc=0x00000000039287dc method=org.objectweb.asm.MethodVisitor.visitIntInsn(II)V @ 13
Event: 21.922 Thread 0x000000001cbe3000 Uncommon trap: reason=null_check action=make_not_entrant pc=0x0000000002d6b5c4 method=java.lang.Class.searchMethods([Ljava/lang/reflect/Method;Ljava/lang/String;[Ljava/lang/Class;)Ljava/lang/reflect/Method; @ 59
Event: 22.001 Thread 0x000000001cbe3000 Uncommon trap: reason=class_check action=maybe_recompile pc=0x000000000318d8e4 method=java.util.WeakHashMap.eq(Ljava/lang/Object;Ljava/lang/Object;)Z @ 7

Classes redefined (0 events):
No events

Internal exceptions (10 events):
Event: 22.052 Thread 0x000000001cbe3000 Exception <a 'java/lang/ClassNotFoundException': com/android/build/gradle/internal/CompileOptionsCustomizer> (0x00000000ded007e8) thrown at [C:\src\AOSP-openjdk-git\hotspot\src\share\vm\classfile\systemDictionary.cpp, line 210]
Event: 22.053 Thread 0x000000001cbe3000 Exception <a 'java/lang/ClassNotFoundException': com/android/build/gradle/internal/CompileOptions_DecoratedCustomizer> (0x00000000ded30e30) thrown at [C:\src\AOSP-openjdk-git\hotspot\src\share\vm\classfile\systemDictionary.cpp, line 210]
Event: 22.060 Thread 0x000000001cbe3000 Exception <a 'java/lang/ClassNotFoundException': com/android/build/gradle/internal/dsl/AaptOptions_DecoratedBeanInfo> (0x00000000dedcd738) thrown at [C:\src\AOSP-openjdk-git\hotspot\src\share\vm\classfile\systemDictionary.cpp, line 210]
Event: 22.060 Thread 0x000000001cbe3000 Exception <a 'java/lang/ClassNotFoundException': com/android/build/gradle/internal/dsl/AaptOptionsBeanInfo> (0x00000000dede89f8) thrown at [C:\src\AOSP-openjdk-git\hotspot\src\share\vm\classfile\systemDictionary.cpp, line 210]
Event: 22.061 Thread 0x000000001cbe3000 Exception <a 'java/lang/ClassNotFoundException': com/android/build/gradle/internal/dsl/AaptOptionsCustomizer> (0x00000000dee04fa0) thrown at [C:\src\AOSP-openjdk-git\hotspot\src\share\vm\classfile\systemDictionary.cpp, line 210]
Event: 22.062 Thread 0x000000001cbe3000 Exception <a 'java/lang/ClassNotFoundException': com/android/build/gradle/internal/dsl/AaptOptions_DecoratedCustomizer> (0x00000000dee45dd0) thrown at [C:\src\AOSP-openjdk-git\hotspot\src\share\vm\classfile\systemDictionary.cpp, line 210]
Event: 22.069 Thread 0x000000001cbe3000 Exception <a 'java/lang/ClassNotFoundException': com/android/build/gradle/internal/dsl/LintOptions_DecoratedBeanInfo> (0x00000000def19ca8) thrown at [C:\src\AOSP-openjdk-git\hotspot\src\share\vm\classfile\systemDictionary.cpp, line 210]
Event: 22.070 Thread 0x000000001cbe3000 Exception <a 'java/lang/ClassNotFoundException': com/android/build/gradle/internal/dsl/LintOptionsBeanInfo> (0x00000000def34f68) thrown at [C:\src\AOSP-openjdk-git\hotspot\src\share\vm\classfile\systemDictionary.cpp, line 210]
Event: 22.070 Thread 0x000000001cbe3000 Exception <a 'java/lang/ClassNotFoundException': com/android/build/gradle/internal/dsl/LintOptionsCustomizer> (0x00000000def51510) thrown at [C:\src\AOSP-openjdk-git\hotspot\src\share\vm\classfile\systemDictionary.cpp, line 210]
Event: 22.075 Thread 0x000000001cbe3000 Exception <a 'java/lang/ClassNotFoundException': com/android/build/gradle/internal/dsl/LintOptions_DecoratedCustomizer> (0x00000000defd2ef8) thrown at [C:\src\AOSP-openjdk-git\hotspot\src\share\vm\classfile\systemDictionary.cpp, line 210]

Events (10 events):
Event: 22.200 loading class com/android/build/gradle/internal/variant/VariantPathHelper
Event: 22.200 loading class com/android/build/gradle/internal/variant/VariantPathHelper done
Event: 22.202 loading class com/android/build/gradle/internal/scope/MutableTaskContainer
Event: 22.202 loading class com/android/build/gradle/internal/scope/MutableTaskContainer done
Event: 22.203 loading class com/android/build/gradle/internal/scope/TaskContainer
Event: 22.203 loading class com/android/build/gradle/internal/scope/TaskContainer done
Event: 22.204 loading class com/android/build/gradle/internal/pipeline/TransformManager
Event: 22.204 loading class com/android/build/gradle/internal/pipeline/TransformManager done
Event: 22.206 loading class com/android/build/gradle/internal/pipeline/FilterableStreamCollection
Event: 22.206 loading class com/android/build/gradle/internal/pipeline/FilterableStreamCollection done


Dynamic libraries:
0x00007ff7d42a0000 - 0x00007ff7d42d1000 	D:\Android Studio\jre\bin\java.exe
0x00007ff964730000 - 0x00007ff964925000 	C:\WINDOWS\SYSTEM32\ntdll.dll
0x00007ff963090000 - 0x00007ff96314d000 	C:\WINDOWS\System32\KERNEL32.DLL
0x00007ff962200000 - 0x00007ff9624c8000 	C:\WINDOWS\System32\KERNELBASE.dll
0x00007ff963b20000 - 0x00007ff963bcc000 	C:\WINDOWS\System32\ADVAPI32.dll
0x00007ff963eb0000 - 0x00007ff963f4e000 	C:\WINDOWS\System32\msvcrt.dll
0x00007ff963bd0000 - 0x00007ff963c6b000 	C:\WINDOWS\System32\sechost.dll
0x00007ff963200000 - 0x00007ff96332b000 	C:\WINDOWS\System32\RPCRT4.dll
0x00007ff963330000 - 0x00007ff9634d0000 	C:\WINDOWS\System32\USER32.dll
0x00007ff962130000 - 0x00007ff962152000 	C:\WINDOWS\System32\win32u.dll
0x00007ff963e20000 - 0x00007ff963e4a000 	C:\WINDOWS\System32\GDI32.dll
0x00007ff961e70000 - 0x00007ff961f7b000 	C:\WINDOWS\System32\gdi32full.dll
0x00007ff962160000 - 0x00007ff9621fd000 	C:\WINDOWS\System32\msvcp_win.dll
0x00007ff961f80000 - 0x00007ff962080000 	C:\WINDOWS\System32\ucrtbase.dll
0x00007ff94e1d0000 - 0x00007ff94e46a000 	C:\WINDOWS\WinSxS\amd64_microsoft.windows.common-controls_6595b64144ccf1df_6.0.19041.844_none_ca00b6081b84eb1d\COMCTL32.dll
0x00007ff9643d0000 - 0x00007ff964400000 	C:\WINDOWS\System32\IMM32.DLL
0x0000000059710000 - 0x00000000597e2000 	D:\Android Studio\jre\jre\bin\msvcr100.dll
0x0000000058ec0000 - 0x000000005970b000 	D:\Android Studio\jre\jre\bin\server\jvm.dll
0x00007ff9644e0000 - 0x00007ff9644e8000 	C:\WINDOWS\System32\PSAPI.DLL
0x00007ff959490000 - 0x00007ff95949a000 	C:\WINDOWS\SYSTEM32\VERSION.dll
0x00007ff921a90000 - 0x00007ff921a99000 	C:\WINDOWS\SYSTEM32\WSOCK32.dll
0x00007ff957970000 - 0x00007ff957997000 	C:\WINDOWS\SYSTEM32\WINMM.dll
0x00007ff9644f0000 - 0x00007ff96455b000 	C:\WINDOWS\System32\WS2_32.dll
0x00007ff9509b0000 - 0x00007ff9509bf000 	D:\Android Studio\jre\jre\bin\verify.dll
0x00007ff94f640000 - 0x00007ff94f669000 	D:\Android Studio\jre\jre\bin\java.dll
0x00007ff950950000 - 0x00007ff950966000 	D:\Android Studio\jre\jre\bin\zip.dll
0x00007ff962940000 - 0x00007ff963082000 	C:\WINDOWS\System32\SHELL32.dll
0x00007ff95fcd0000 - 0x00007ff960460000 	C:\WINDOWS\SYSTEM32\windows.storage.dll
0x00007ff963f50000 - 0x00007ff9642a5000 	C:\WINDOWS\System32\combase.dll
0x00007ff9618e0000 - 0x00007ff96190c000 	C:\WINDOWS\SYSTEM32\Wldp.dll
0x00007ff964560000 - 0x00007ff96460e000 	C:\WINDOWS\System32\SHCORE.dll
0x00007ff964480000 - 0x00007ff9644d5000 	C:\WINDOWS\System32\shlwapi.dll
0x00007ff961db0000 - 0x00007ff961dcf000 	C:\WINDOWS\SYSTEM32\profapi.dll
0x00007ff94f620000 - 0x00007ff94f63a000 	D:\Android Studio\jre\jre\bin\net.dll
0x00007ff961650000 - 0x00007ff9616ba000 	C:\WINDOWS\system32\mswsock.dll
0x00007ff94ee40000 - 0x00007ff94ee53000 	D:\Android Studio\jre\jre\bin\nio.dll
0x00007ff94b530000 - 0x00007ff94b557000 	C:\Users\”‡“∞\.gradle\native\9f2fa17c089eee584f3420100432f77ec4c098959e4bf121a4d6054c26537dfb\windows-amd64\native-platform.dll
0x00007ff94f610000 - 0x00007ff94f61d000 	D:\Android Studio\jre\jre\bin\management.dll
0x00007ff961830000 - 0x00007ff961848000 	C:\WINDOWS\SYSTEM32\CRYPTSP.dll
0x00007ff960f80000 - 0x00007ff960fb4000 	C:\WINDOWS\system32\rsaenh.dll
0x00007ff962080000 - 0x00007ff9620a7000 	C:\WINDOWS\System32\bcrypt.dll
0x00007ff961d30000 - 0x00007ff961d5e000 	C:\WINDOWS\SYSTEM32\USERENV.dll
0x00007ff9620b0000 - 0x00007ff962130000 	C:\WINDOWS\System32\bcryptprimitives.dll
0x00007ff961820000 - 0x00007ff96182c000 	C:\WINDOWS\SYSTEM32\CRYPTBASE.dll
0x00007ff9612f0000 - 0x00007ff96132b000 	C:\WINDOWS\SYSTEM32\IPHLPAPI.DLL
0x00007ff9628c0000 - 0x00007ff9628c8000 	C:\WINDOWS\System32\NSI.dll
0x00007ff95a060000 - 0x00007ff95a077000 	C:\WINDOWS\SYSTEM32\dhcpcsvc6.DLL
0x00007ff95a350000 - 0x00007ff95a36d000 	C:\WINDOWS\SYSTEM32\dhcpcsvc.DLL
0x00007ff961340000 - 0x00007ff96140c000 	C:\WINDOWS\SYSTEM32\DNSAPI.dll
0x00007ff95b000000 - 0x00007ff95b00b000 	C:\WINDOWS\SYSTEM32\WINNSI.DLL
0x00007ff934850000 - 0x00007ff9349e6000 	C:\Users\”‡“∞\.gradle\native\9f2fa17c089eee584f3420100432f77ec4c098959e4bf121a4d6054c26537dfb\windows-amd64\native-platform-file-events.dll

VM Arguments:
jvm_args: -Xmx2048m -Dfile.encoding=UTF-8 -Duser.country=CN -Duser.language=zh -Duser.variant 
java_command: org.gradle.launcher.daemon.bootstrap.GradleDaemon 6.6
java_class_path (initial): C:\Users\”‡“∞\.gradle\wrapper\dists\gradle-6.6-bin\dflktxzwamd4bv66q00iv4ga9\gradle-6.6\lib\gradle-launcher-6.6.jar
Launcher Type: SUN_STANDARD

Environment Variables:
JAVA_HOME=D:\Program Files\Java
CLASSPATH=.;D:\Program Files\Java\lib\dt.jar;D:\Program Files\Java\lib\tools.jar
PATH=C:\Program Files\NVIDIA GPU Computing Toolkit\CUDA\v11.3\bin;C:\Program Files\NVIDIA GPU Computing Toolkit\CUDA\v11.3\libnvvp;D:\Program Files\Java\bin;C:\Windows\system32;C:\Windows;C:\Windows\System32\Wbem;C:\Windows\System32\WindowsPowerShell\v1.0\;C:\Windows\System32\OpenSSH\;C:\Program Files (x86)\NVIDIA Corporation\PhysX\Common;C:\Program Files\NVIDIA Corporation\NVIDIA NvDLISR;D:\Program Files\Java\jre\bin;E:\Git\cmd;C:\WINDOWS\system32;C:\WINDOWS;C:\WINDOWS\System32\Wbem;C:\WINDOWS\System32\WindowsPowerShell\v1.0\;C:\WINDOWS\System32\OpenSSH\;C:\Program Files\NVIDIA Corporation\Nsight Compute 2021.1.0\;C:\Program Files\NVIDIA GPU Computing Toolkit\CUDA\v11.3\lib\x64;D:\anaconda3;D:\anaconda3\Library\mingw-w64\bin;D:\anaconda3\Library\usr\bin;D:\anaconda3\Library\bin;D:\anaconda3\Scripts;C:\Users\”‡“∞\AppData\Local\Programs\Python\Python38-32\Scripts\;C:\Users\”‡“∞\AppData\Local\Programs\Python\Python38-32\;C:\Users\”‡“∞\AppData\Local\Microsoft\WindowsApps;C:\Program Files\Bandizip\;D:\PyCharm Community Edition 2020.2\bin;;D:\VS Code\Microsoft VS Code\bin;
USERNAME=”‡“∞
OS=Windows_NT
PROCESSOR_IDENTIFIER=AMD64 Family 23 Model 96 Stepping 1, AuthenticAMD



---------------  S Y S T E M  ---------------

OS: Windows 10.0 , 64 bit Build 19041 (10.0.19041.928)

CPU:total 12 (initial active 12) (12 cores per cpu, 1 threads per core) family 23 model 96 stepping 1, cmov, cx8, fxsr, mmx, sse, sse2, sse3, ssse3, sse4.1, sse4.2, popcnt, avx, avx2, aes, clmul, mmxext, 3dnowpref, lzcnt, sse4a, tsc, tscinvbit, tscinv, bmi1

Memory: 4k page, physical 16119108k(3150344k free), swap 29226304k(5756k free)

vm_info: OpenJDK 64-Bit Server VM (25.242-b01) for windows-amd64 JRE (1.8.0_242-release-1644-b01), built by "builder" with MS VC++ 10.0 (VS2010)

time: Sun Jul 11 18:21:47 2021
timezone: ÷–π˙±Í◊º ±º‰
elapsed time: 22 seconds (0d 0h 0m 22s)

