#
# There is insufficient memory for the Java Runtime Environment to continue.
# Native memory allocation (malloc) failed to allocate 1094096 bytes for Chunk::new
# Possible reasons:
#   The system is out of physical RAM or swap space
#   The process is running with CompressedOops enabled, and the Java Heap may be blocking the growth of the native heap
# Possible solutions:
#   Reduce memory load on the system
#   Increase physical memory or swap space
#   Check if swap backing store is full
#   Decrease Java heap size (-Xmx/-Xms)
#   Decrease number of Java threads
#   Decrease Java thread stack sizes (-Xss)
#   Set larger code cache with -XX:ReservedCodeCacheSize=
#   JVM is running with Unscaled Compressed Oops mode in which the Java heap is
#     placed in the first 4GB address space. The Java Heap base address is the
#     maximum limit for the native heap growth. Please use -XX:HeapBaseMinAddress
#     to set the Java Heap base and to place the Java Heap above 4GB virtual address.
# This output file may be truncated or incomplete.
#
#  Out of Memory Error (allocation.cpp:389), pid=2744, tid=0x0000000000002c70
#
# JRE version: OpenJDK Runtime Environment (8.0_242-b01) (build 1.8.0_242-release-1644-b01)
# Java VM: OpenJDK 64-Bit Server VM (25.242-b01 mixed mode windows-amd64 compressed oops)
# Failed to write core dump. Minidumps are not enabled by default on client versions of Windows
#

---------------  T H R E A D  ---------------

Current thread (0x0000000019c40800):  JavaThread "C2 CompilerThread2" daemon [_thread_in_native, id=11376, stack(0x000000001b320000,0x000000001b420000)]

Stack: [0x000000001b320000,0x000000001b420000]
[error occurred during error reporting (printing stack bounds), id 0xc0000005]

Native frames: (J=compiled Java code, j=interpreted, Vv=VM code, C=native code)


Current CompileTask:
C2:  17524 7561       4       org.gradle.internal.instantiation.generator.AbstractClassGenerator::inspectType (560 bytes)


---------------  P R O C E S S  ---------------

Java Threads: ( => current thread )
  0x000000001d8e2000 JavaThread "WorkerExecutor Queue Thread 4" [_thread_blocked, id=26584, stack(0x000000002e520000,0x000000002e620000)]
  0x000000001d8e0800 JavaThread "WorkerExecutor Queue Thread 3" [_thread_in_vm, id=12192, stack(0x000000002e420000,0x000000002e520000)]
  0x000000001d8df800 JavaThread "WorkerExecutor Queue Thread 2" [_thread_blocked, id=15880, stack(0x000000002e320000,0x000000002e420000)]
  0x000000001d8df000 JavaThread "WorkerExecutor Queue" [_thread_blocked, id=27092, stack(0x000000002e220000,0x000000002e320000)]
  0x000000001d8e2800 JavaThread "Cache worker for execution history cache (E:\Android\AndroidStudioProjects\AILab\.gradle\6.6\executionHistory)" [_thread_blocked, id=24944, stack(0x000000002db20000,0x000000002dc20000)]
  0x000000001d8e1000 JavaThread "Execution worker for ':' Thread 11" [_thread_blocked, id=10500, stack(0x000000002da20000,0x000000002db20000)]
  0x000000001d8e3800 JavaThread "Execution worker for ':' Thread 10" [_thread_blocked, id=892, stack(0x000000002d920000,0x000000002da20000)]
  0x000000001d8d7800 JavaThread "Execution worker for ':' Thread 9" [_thread_blocked, id=25300, stack(0x000000002d820000,0x000000002d920000)]
  0x000000001d8dd800 JavaThread "Execution worker for ':' Thread 8" [_thread_blocked, id=23720, stack(0x000000002d720000,0x000000002d820000)]
  0x000000001d8dc800 JavaThread "Execution worker for ':' Thread 7" [_thread_blocked, id=15372, stack(0x000000002d620000,0x000000002d720000)]
  0x000000001d8dc000 JavaThread "Execution worker for ':' Thread 6" [_thread_blocked, id=3544, stack(0x000000002d520000,0x000000002d620000)]
  0x000000001d8de000 JavaThread "Execution worker for ':' Thread 5" [_thread_blocked, id=25748, stack(0x000000002d420000,0x000000002d520000)]
  0x000000001d8da800 JavaThread "Execution worker for ':' Thread 4" [_thread_blocked, id=9760, stack(0x000000002d320000,0x000000002d420000)]
  0x000000001d8d4800 JavaThread "Execution worker for ':' Thread 3" [_thread_blocked, id=19512, stack(0x000000002d220000,0x000000002d320000)]
  0x000000001d8d9800 JavaThread "Execution worker for ':' Thread 2" [_thread_blocked, id=24904, stack(0x000000002d120000,0x000000002d220000)]
  0x000000001d8d6800 JavaThread "Execution worker for ':'" [_thread_blocked, id=10568, stack(0x000000002d020000,0x000000002d120000)]
  0x000000001d8d9000 JavaThread "Cache worker for file content cache (E:\Android\AndroidStudioProjects\AILab\.gradle\6.6\fileContent)" [_thread_blocked, id=1592, stack(0x000000002cb20000,0x000000002cc20000)]
  0x000000001d8db000 JavaThread "Memory manager" [_thread_blocked, id=6248, stack(0x000000002ba50000,0x000000002bb50000)]
  0x000000001d8d6000 JavaThread "pool-1-thread-1" [_thread_blocked, id=12136, stack(0x0000000029b80000,0x0000000029c80000)]
  0x000000001d8d5000 JavaThread "jar transforms Thread 92" [_thread_blocked, id=17748, stack(0x0000000029880000,0x0000000029980000)]
  0x000000001d8d8000 JavaThread "jar transforms Thread 91" [_thread_blocked, id=4712, stack(0x0000000029780000,0x0000000029880000)]
  0x000000001d727800 JavaThread "jar transforms Thread 90" [_thread_blocked, id=26068, stack(0x0000000029680000,0x0000000029780000)]
  0x000000001d727000 JavaThread "jar transforms Thread 89" [_thread_blocked, id=26648, stack(0x0000000029580000,0x0000000029680000)]
  0x000000001d726000 JavaThread "jar transforms Thread 88" [_thread_blocked, id=22720, stack(0x0000000029480000,0x0000000029580000)]
  0x000000001d724800 JavaThread "jar transforms Thread 87" [_thread_blocked, id=20768, stack(0x0000000029380000,0x0000000029480000)]
  0x000000001d724000 JavaThread "jar transforms Thread 86" [_thread_blocked, id=21724, stack(0x0000000029280000,0x0000000029380000)]
  0x000000001d723000 JavaThread "jar transforms Thread 85" [_thread_blocked, id=23820, stack(0x0000000029180000,0x0000000029280000)]
  0x000000001d725800 JavaThread "jar transforms Thread 84" [_thread_blocked, id=22800, stack(0x0000000029080000,0x0000000029180000)]
  0x000000001d728800 JavaThread "jar transforms Thread 83" [_thread_blocked, id=22688, stack(0x0000000028f80000,0x0000000029080000)]
  0x000000001d71c800 JavaThread "jar transforms Thread 82" [_thread_blocked, id=27420, stack(0x0000000028d80000,0x0000000028e80000)]
  0x000000001d71b800 JavaThread "jar transforms Thread 81" [_thread_blocked, id=26040, stack(0x0000000028c80000,0x0000000028d80000)]
  0x000000001d722800 JavaThread "jar transforms Thread 80" [_thread_blocked, id=16400, stack(0x0000000028b80000,0x0000000028c80000)]
  0x000000001d721800 JavaThread "jar transforms Thread 79" [_thread_blocked, id=11576, stack(0x0000000028a80000,0x0000000028b80000)]
  0x000000001d71a000 JavaThread "jar transforms Thread 78" [_thread_blocked, id=8100, stack(0x0000000028980000,0x0000000028a80000)]
  0x000000001d721000 JavaThread "jar transforms Thread 77" [_thread_blocked, id=10744, stack(0x0000000028880000,0x0000000028980000)]
  0x000000001d71e000 JavaThread "jar transforms Thread 76" [_thread_blocked, id=8408, stack(0x0000000028780000,0x0000000028880000)]
  0x000000001d71e800 JavaThread "jar transforms Thread 75" [_thread_blocked, id=19936, stack(0x0000000028680000,0x0000000028780000)]
  0x000000001d719800 JavaThread "jar transforms Thread 74" [_thread_blocked, id=16924, stack(0x0000000028580000,0x0000000028680000)]
  0x000000001d71f800 JavaThread "jar transforms Thread 73" [_thread_blocked, id=17020, stack(0x0000000028480000,0x0000000028580000)]
  0x000000001d71b000 JavaThread "jar transforms Thread 72" [_thread_blocked, id=10720, stack(0x0000000028380000,0x0000000028480000)]
  0x000000001d720000 JavaThread "jar transforms Thread 71" [_thread_blocked, id=23604, stack(0x0000000028280000,0x0000000028380000)]
  0x000000001d71d000 JavaThread "jar transforms Thread 70" [_thread_blocked, id=25052, stack(0x0000000028180000,0x0000000028280000)]
  0x0000000020cf4800 JavaThread "jar transforms Thread 69" [_thread_blocked, id=10588, stack(0x0000000028080000,0x0000000028180000)]
  0x0000000020cf7800 JavaThread "jar transforms Thread 68" [_thread_blocked, id=21860, stack(0x0000000027f80000,0x0000000028080000)]
  0x0000000020cf5000 JavaThread "jar transforms Thread 67" [_thread_blocked, id=6280, stack(0x0000000027e80000,0x0000000027f80000)]
  0x0000000020cf3800 JavaThread "jar transforms Thread 66" [_thread_blocked, id=2480, stack(0x0000000027d80000,0x0000000027e80000)]
  0x0000000020cf3000 JavaThread "jar transforms Thread 65" [_thread_blocked, id=2708, stack(0x0000000027c80000,0x0000000027d80000)]
  0x0000000020cf6800 JavaThread "jar transforms Thread 64" [_thread_blocked, id=24256, stack(0x0000000027b80000,0x0000000027c80000)]
  0x0000000020cf6000 JavaThread "jar transforms Thread 63" [_thread_blocked, id=24328, stack(0x0000000027a80000,0x0000000027b80000)]
  0x0000000020ceb000 JavaThread "jar transforms Thread 62" [_thread_blocked, id=26656, stack(0x0000000027980000,0x0000000027a80000)]
  0x0000000020cf2000 JavaThread "jar transforms Thread 61" [_thread_blocked, id=2584, stack(0x0000000027880000,0x0000000027980000)]
  0x0000000020cea800 JavaThread "jar transforms Thread 60" [_thread_blocked, id=25156, stack(0x0000000027780000,0x0000000027880000)]
  0x0000000020cf1800 JavaThread "jar transforms Thread 59" [_thread_blocked, id=14004, stack(0x0000000027680000,0x0000000027780000)]
  0x0000000020cf0800 JavaThread "jar transforms Thread 58" [_thread_blocked, id=16272, stack(0x0000000027580000,0x0000000027680000)]
  0x0000000020ce9000 JavaThread "jar transforms Thread 57" [_thread_blocked, id=12084, stack(0x0000000027480000,0x0000000027580000)]
  0x0000000020cf0000 JavaThread "jar transforms Thread 56" [_thread_blocked, id=20016, stack(0x0000000027380000,0x0000000027480000)]
  0x0000000020ce9800 JavaThread "jar transforms Thread 55" [_thread_blocked, id=6792, stack(0x0000000027280000,0x0000000027380000)]
  0x0000000020ce8000 JavaThread "jar transforms Thread 54" [_thread_blocked, id=27272, stack(0x0000000027180000,0x0000000027280000)]
  0x0000000020cee800 JavaThread "jar transforms Thread 53" [_thread_blocked, id=22924, stack(0x0000000027080000,0x0000000027180000)]
  0x0000000020cec800 JavaThread "jar transforms Thread 52" [_thread_blocked, id=10328, stack(0x0000000026f80000,0x0000000027080000)]
  0x0000000020cec000 JavaThread "jar transforms Thread 51" [_thread_blocked, id=16748, stack(0x0000000026e80000,0x0000000026f80000)]
  0x0000000020ced800 JavaThread "jar transforms Thread 50" [_thread_blocked, id=23696, stack(0x0000000026d80000,0x0000000026e80000)]
  0x0000000020cef000 JavaThread "jar transforms Thread 49" [_thread_blocked, id=16716, stack(0x0000000026c80000,0x0000000026d80000)]
  0x0000000020be6800 JavaThread "jar transforms Thread 48" [_thread_blocked, id=11744, stack(0x0000000026b80000,0x0000000026c80000)]
  0x0000000020be6000 JavaThread "jar transforms Thread 47" [_thread_blocked, id=25544, stack(0x0000000026a80000,0x0000000026b80000)]
  0x0000000020be8000 JavaThread "jar transforms Thread 46" [_thread_blocked, id=20800, stack(0x0000000026980000,0x0000000026a80000)]
  0x0000000020be5000 JavaThread "jar transforms Thread 45" [_thread_blocked, id=20000, stack(0x0000000026880000,0x0000000026980000)]
  0x0000000020be7800 JavaThread "jar transforms Thread 44" [_thread_blocked, id=3928, stack(0x0000000026780000,0x0000000026880000)]
  0x0000000020bdd800 JavaThread "jar transforms Thread 43" [_thread_blocked, id=15236, stack(0x0000000026680000,0x0000000026780000)]
  0x0000000020be4800 JavaThread "jar transforms Thread 42" [_thread_blocked, id=14156, stack(0x0000000026580000,0x0000000026680000)]
  0x0000000020bdd000 JavaThread "jar transforms Thread 41" [_thread_blocked, id=10028, stack(0x0000000026480000,0x0000000026580000)]
  0x0000000020bde800 JavaThread "jar transforms Thread 40" [_thread_blocked, id=6464, stack(0x0000000026380000,0x0000000026480000)]
  0x0000000020be3800 JavaThread "jar transforms Thread 39" [_thread_blocked, id=21944, stack(0x0000000026280000,0x0000000026380000)]
  0x0000000020be3000 JavaThread "jar transforms Thread 38" [_thread_blocked, id=24972, stack(0x0000000026180000,0x0000000026280000)]
  0x0000000020bdb800 JavaThread "jar transforms Thread 37" [_thread_blocked, id=24644, stack(0x0000000026080000,0x0000000026180000)]
  0x0000000020be0800 JavaThread "jar transforms Thread 36" [_thread_blocked, id=26344, stack(0x0000000025f80000,0x0000000026080000)]
  0x0000000020be1800 JavaThread "jar transforms Thread 35" [_thread_blocked, id=24296, stack(0x0000000025e80000,0x0000000025f80000)]
  0x0000000020be0000 JavaThread "jar transforms Thread 34" [_thread_blocked, id=4732, stack(0x0000000025d80000,0x0000000025e80000)]
  0x0000000020be2000 JavaThread "jar transforms Thread 33" [_thread_blocked, id=9860, stack(0x0000000025c80000,0x0000000025d80000)]
  0x0000000020bda000 JavaThread "jar transforms Thread 32" [_thread_blocked, id=22504, stack(0x0000000025b80000,0x0000000025c80000)]
  0x0000000020bdc000 JavaThread "jar transforms Thread 31" [_thread_blocked, id=9296, stack(0x0000000025a80000,0x0000000025b80000)]
  0x0000000020bdf000 JavaThread "jar transforms Thread 30" [_thread_blocked, id=23912, stack(0x0000000025980000,0x0000000025a80000)]
  0x0000000020bd9000 JavaThread "jar transforms Thread 29" [_thread_blocked, id=21276, stack(0x0000000025880000,0x0000000025980000)]
  0x0000000020bda800 JavaThread "jar transforms Thread 28" [_thread_blocked, id=24836, stack(0x0000000025780000,0x0000000025880000)]
  0x000000001d95f800 JavaThread "jar transforms Thread 27" [_thread_blocked, id=16200, stack(0x0000000025680000,0x0000000025780000)]
  0x000000001d95c000 JavaThread "jar transforms Thread 26" [_thread_blocked, id=2332, stack(0x0000000025580000,0x0000000025680000)]
  0x000000001d95f000 JavaThread "jar transforms Thread 25" [_thread_blocked, id=2216, stack(0x0000000025480000,0x0000000025580000)]
  0x000000001d95e000 JavaThread "jar transforms Thread 24" [_thread_blocked, id=6856, stack(0x0000000025380000,0x0000000025480000)]
  0x000000001d95d800 JavaThread "jar transforms Thread 23" [_thread_blocked, id=12028, stack(0x0000000025280000,0x0000000025380000)]
  0x000000001d95c800 JavaThread "jar transforms Thread 22" [_thread_blocked, id=15776, stack(0x0000000025180000,0x0000000025280000)]
  0x000000001d962800 JavaThread "jar transforms Thread 21" [_thread_blocked, id=9400, stack(0x0000000025080000,0x0000000025180000)]
  0x000000001d962000 JavaThread "jar transforms Thread 20" [_thread_blocked, id=420, stack(0x0000000024f80000,0x0000000025080000)]
  0x000000001d961000 JavaThread "jar transforms Thread 19" [_thread_blocked, id=25064, stack(0x0000000024e80000,0x0000000024f80000)]
  0x000000001d960800 JavaThread "jar transforms Thread 18" [_thread_blocked, id=18948, stack(0x0000000024d80000,0x0000000024e80000)]
  0x000000001d955000 JavaThread "jar transforms Thread 17" [_thread_blocked, id=25200, stack(0x0000000024c80000,0x0000000024d80000)]
  0x000000001d95b000 JavaThread "jar transforms Thread 16" [_thread_blocked, id=11968, stack(0x0000000024b80000,0x0000000024c80000)]
  0x000000001d953800 JavaThread "jar transforms Thread 15" [_thread_blocked, id=9872, stack(0x0000000024a80000,0x0000000024b80000)]
  0x000000001d958000 JavaThread "jar transforms Thread 14" [_thread_blocked, id=3784, stack(0x0000000024980000,0x0000000024a80000)]
  0x000000001d95a800 JavaThread "jar transforms Thread 13" [_thread_blocked, id=8684, stack(0x0000000024880000,0x0000000024980000)]
  0x000000001d957800 JavaThread "jar transforms Thread 12" [_thread_blocked, id=13636, stack(0x0000000024780000,0x0000000024880000)]
  0x000000001d959800 JavaThread "jar transforms Thread 11" [_thread_blocked, id=20756, stack(0x0000000024680000,0x0000000024780000)]
  0x000000001d956800 JavaThread "jar transforms Thread 10" [_thread_blocked, id=17456, stack(0x0000000024580000,0x0000000024680000)]
  0x000000001d959000 JavaThread "jar transforms Thread 9" [_thread_blocked, id=20472, stack(0x0000000024480000,0x0000000024580000)]
  0x000000001d954800 JavaThread "jar transforms Thread 8" [_thread_blocked, id=12432, stack(0x0000000024380000,0x0000000024480000)]
  0x000000001d956000 JavaThread "jar transforms Thread 7" [_thread_blocked, id=13764, stack(0x0000000024280000,0x0000000024380000)]
  0x000000001f814000 JavaThread "jar transforms Thread 6" [_thread_blocked, id=25056, stack(0x0000000024180000,0x0000000024280000)]
  0x000000001f815000 JavaThread "jar transforms Thread 5" [_thread_blocked, id=13076, stack(0x0000000024080000,0x0000000024180000)]
  0x000000001f813800 JavaThread "jar transforms Thread 4" [_thread_blocked, id=18064, stack(0x0000000023f80000,0x0000000024080000)]
  0x000000001f819800 JavaThread "jar transforms Thread 3" [_thread_blocked, id=10072, stack(0x0000000023e80000,0x0000000023f80000)]
  0x000000001f817000 JavaThread "jar transforms Thread 2" [_thread_blocked, id=16816, stack(0x0000000023d80000,0x0000000023e80000)]
  0x000000001f818800 JavaThread "Build operations Thread 12" [_thread_blocked, id=23332, stack(0x0000000023c80000,0x0000000023d80000)]
  0x000000001f818000 JavaThread "Build operations Thread 11" [_thread_blocked, id=18904, stack(0x0000000023b80000,0x0000000023c80000)]
  0x000000001f815800 JavaThread "Build operations Thread 10" [_thread_blocked, id=17364, stack(0x0000000023a80000,0x0000000023b80000)]
  0x000000001f816800 JavaThread "Build operations Thread 9" [_thread_blocked, id=21832, stack(0x0000000023980000,0x0000000023a80000)]
  0x000000001f80c000 JavaThread "Build operations Thread 8" [_thread_blocked, id=7964, stack(0x0000000023880000,0x0000000023980000)]
  0x000000001f812800 JavaThread "Build operations Thread 7" [_thread_blocked, id=3860, stack(0x0000000023780000,0x0000000023880000)]
  0x000000001f812000 JavaThread "Build operations Thread 6" [_thread_blocked, id=12872, stack(0x0000000023680000,0x0000000023780000)]
  0x000000001f80a800 JavaThread "Build operations Thread 5" [_thread_blocked, id=5616, stack(0x0000000023580000,0x0000000023680000)]
  0x000000001f811000 JavaThread "Build operations Thread 4" [_thread_blocked, id=13680, stack(0x0000000023480000,0x0000000023580000)]
  0x000000001f810800 JavaThread "Build operations Thread 3" [_thread_blocked, id=27028, stack(0x0000000023380000,0x0000000023480000)]
  0x000000001f80e000 JavaThread "Build operations Thread 2" [_thread_blocked, id=22092, stack(0x0000000023280000,0x0000000023380000)]
  0x000000001f80d800 JavaThread "Build operations" [_thread_blocked, id=17628, stack(0x0000000023180000,0x0000000023280000)]
  0x000000001f80f800 JavaThread "Cache worker for Build Output Cleanup Cache (E:\Android\AndroidStudioProjects\AILab\.gradle\buildOutputCleanup)" [_thread_blocked, id=15076, stack(0x0000000022e80000,0x0000000022f80000)]
  0x000000001d515800 JavaThread "Cache worker for file content cache (C:\Users\‰ΩôÈáé\.gradle\caches\6.6\fileContent)" [_thread_blocked, id=16028, stack(0x0000000022780000,0x0000000022880000)]
  0x000000001d516800 JavaThread "jar transforms" [_thread_blocked, id=20708, stack(0x0000000022680000,0x0000000022780000)]
  0x000000001d514000 JavaThread "Cache worker for execution history cache (C:\Users\‰ΩôÈáé\.gradle\caches\6.6\executionHistory)" [_thread_blocked, id=5476, stack(0x0000000021f80000,0x0000000022080000)]
  0x000000001d512800 JavaThread "Cache worker for cache directory md-rule (C:\Users\‰ΩôÈáé\.gradle\caches\6.6\md-rule)" [_thread_blocked, id=21464, stack(0x0000000021e80000,0x0000000021f80000)]
  0x000000001d515000 JavaThread "Cache worker for cache directory md-supplier (C:\Users\‰ΩôÈáé\.gradle\caches\6.6\md-supplier)" [_thread_blocked, id=14760, stack(0x0000000021d80000,0x0000000021e80000)]
  0x000000001d512000 JavaThread "Cache worker for checksums cache (E:\Android\AndroidStudioProjects\AILab\.gradle\checksums)" [_thread_blocked, id=11864, stack(0x0000000021910000,0x0000000021a10000)]
  0x000000001d511000 JavaThread "Cache worker for file hash cache (E:\Android\AndroidStudioProjects\AILab\.gradle\6.6\fileHashes)" [_thread_blocked, id=27312, stack(0x0000000021a80000,0x0000000021b80000)]
  0x000000001d513800 JavaThread "Cache worker for journal cache (C:\Users\‰ΩôÈáé\.gradle\caches\journal-1)" [_thread_blocked, id=12100, stack(0x000000001f470000,0x000000001f570000)]
  0x000000001b8b4800 JavaThread "File lock request listener" [_thread_in_native, id=22176, stack(0x000000001f370000,0x000000001f470000)]
  0x000000001d54a800 JavaThread "Cache worker for file hash cache (C:\Users\‰ΩôÈáé\.gradle\caches\6.6\fileHashes)" [_thread_blocked, id=1308, stack(0x000000001f270000,0x000000001f370000)]
  0x000000001d453000 JavaThread "Thread-9" [_thread_blocked, id=11964, stack(0x000000001ef70000,0x000000001f070000)]
  0x000000001d452000 JavaThread "Stdin handler" [_thread_blocked, id=17284, stack(0x000000001ee70000,0x000000001ef70000)]
  0x000000001d451800 JavaThread "Asynchronous log dispatcher for DefaultDaemonConnection: socket connection from /127.0.0.1:50776 to /127.0.0.1:50777" [_thread_blocked, id=23384, stack(0x000000001ed70000,0x000000001ee70000)]
  0x000000001d46a000 JavaThread "Daemon worker" [_thread_blocked, id=12024, stack(0x000000001ec70000,0x000000001ed70000)]
  0x000000001d459800 JavaThread "Cancel handler" [_thread_blocked, id=18844, stack(0x000000001eb70000,0x000000001ec70000)]
  0x000000001d425000 JavaThread "Handler for socket connection from /127.0.0.1:50776 to /127.0.0.1:50777" [_thread_in_native, id=10572, stack(0x000000001ea70000,0x000000001eb70000)]
  0x000000001d42f000 JavaThread "Daemon" [_thread_blocked, id=26532, stack(0x000000001e870000,0x000000001e970000)]
  0x000000001d415800 JavaThread "Daemon periodic checks" [_thread_blocked, id=26384, stack(0x000000001e570000,0x000000001e670000)]
  0x000000001d3a2000 JavaThread "Incoming local TCP Connector on port 50776" [_thread_in_native, id=14668, stack(0x000000001e3c0000,0x000000001e4c0000)]
  0x000000001d325000 JavaThread "Daemon health stats" [_thread_blocked, id=19412, stack(0x000000001e0c0000,0x000000001e1c0000)]
  0x0000000019c49800 JavaThread "Service Thread" daemon [_thread_blocked, id=19532, stack(0x000000001b520000,0x000000001b620000)]
  0x0000000019c41800 JavaThread "C1 CompilerThread3" daemon [_thread_blocked, id=8588, stack(0x000000001b420000,0x000000001b520000)]
=>0x0000000019c40800 JavaThread "C2 CompilerThread2" daemon [_thread_in_native, id=11376, stack(0x000000001b320000,0x000000001b420000)]
  0x0000000019c3c000 JavaThread "C2 CompilerThread1" daemon [_thread_in_native, id=20468, stack(0x000000001b220000,0x000000001b320000)]
  0x0000000019c36000 JavaThread "C2 CompilerThread0" daemon [_thread_in_native, id=25484, stack(0x000000001b120000,0x000000001b220000)]
  0x0000000019bdd000 JavaThread "Attach Listener" daemon [_thread_blocked, id=24212, stack(0x000000001b020000,0x000000001b120000)]
  0x0000000019c34800 JavaThread "Signal Dispatcher" daemon [_thread_blocked, id=2068, stack(0x000000001af20000,0x000000001b020000)]
  0x000000000326a800 JavaThread "Finalizer" daemon [_thread_blocked, id=23480, stack(0x000000001ae20000,0x000000001af20000)]
  0x0000000019bc3000 JavaThread "Reference Handler" daemon [_thread_blocked, id=25952, stack(0x000000001ad20000,0x000000001ae20000)]
  0x000000000140e000 JavaThread "main" [_thread_blocked, id=19576, stack(0x0000000003070000,0x0000000003170000)]

Other Threads:
  0x0000000019ba2800 VMThread [stack: 0x000000001ac20000,0x000000001ad20000] [id=22752]
  0x0000000019c4b800 WatcherThread [stack: 0x000000001b620000,0x000000001b720000] [id=17412]

VM state:not at safepoint (normal execution)

VM Mutex/Monitor currently owned by a thread:  ([mutex/lock_event])
[0x0000000003171e50] Compile_lock - owner thread: 0x0000000019c41800

OutOfMemory and StackOverflow Exception counts:
OutOfMemoryError java_heap_errors=1

heap address: 0x0000000080000000, size: 2048 MB, Compressed Oops mode: 32-bit
Narrow klass base: 0x0000000000000000, Narrow klass shift: 3
Compressed class space size: 1073741824 Address: 0x0000000100000000

Heap:
 PSYoungGen      total 204288K, used 19259K [0x00000000d5580000, 0x00000000e5200000, 0x0000000100000000)
  eden space 186880K, 10% used [0x00000000d5580000,0x00000000d684edf8,0x00000000e0c00000)
  from space 17408K, 0% used [0x00000000e1f80000,0x00000000e1f80000,0x00000000e3080000)
  to   space 19968K, 0% used [0x00000000e0c00000,0x00000000e0c00000,0x00000000e1f80000)
 ParOldGen       total 222208K, used 46235K [0x0000000080000000, 0x000000008d900000, 0x00000000d5580000)
  object space 222208K, 20% used [0x0000000080000000,0x0000000082d26e18,0x000000008d900000)
 Metaspace       used 67430K, capacity 70658K, committed 70952K, reserved 1112064K
  class space    used 9300K, capacity 9972K, committed 10024K, reserved 1048576K

Card table byte_map: [0x0000000012630000,0x0000000012a40000] byte_map_base: 0x0000000012230000

Marking Bits: (ParMarkBitMap*) 0x000000005968f030
 Begin Bits: [0x00000000136f0000, 0x00000000156f0000)
 End Bits:   [0x00000000156f0000, 0x00000000176f0000)

Polling page: 0x00000000013e0000

CodeCache: size=245760Kb used=21407Kb max_used=21410Kb free=224352Kb
 bounds [0x0000000003270000, 0x0000000004780000, 0x0000000012270000]
 total_blobs=7700 nmethods=6906 adapters=707
 compilation: enabled

Compilation events (10 events):
Event: 17.517 Thread 0x0000000019c41800 nmethod 7840 0x00000000047526d0 code [0x0000000004752c60, 0x0000000004756228]
Event: 17.517 Thread 0x0000000019c41800 7857       3       org.gradle.internal.fingerprint.impl.AbsolutePathFingerprintingStrategy::collectFingerprints (67 bytes)
Event: 17.518 Thread 0x0000000019c36000 nmethod 7858 0x000000000474a850 code [0x000000000474a9a0, 0x000000000474aab8]
Event: 17.519 Thread 0x0000000019c41800 nmethod 7857 0x000000000474fc50 code [0x000000000474fea0, 0x0000000004750dd8]
Event: 17.519 Thread 0x0000000019c41800 7869       3       org.gradle.cache.internal.btree.CachingBlockStore::flush (63 bytes)
Event: 17.519 Thread 0x0000000019c41800 nmethod 7869 0x000000000474b410 code [0x000000000474b600, 0x000000000474be48]
Event: 17.519 Thread 0x0000000019c41800 7862       3       org.gradle.cache.internal.btree.CachingBlockStore::attach (11 bytes)
Event: 17.520 Thread 0x0000000019c41800 nmethod 7862 0x000000000474f7d0 code [0x000000000474f940, 0x000000000474fb68]
Event: 17.520 Thread 0x0000000019c41800 7863       3       org.gradle.cache.internal.btree.FreeListBlockStore$FreeListBlock::alloc (240 bytes)
Event: 17.521 Thread 0x0000000019c3c000 7870       4       com.google.common.collect.RegularImmutableMap$EntrySet::iterator (8 bytes)

GC Heap History (10 events):
Event: 13.277 GC heap before
{Heap before GC invocations=12 (full 2):
 PSYoungGen      total 182272K, used 69303K [0x00000000d5580000, 0x00000000e3080000, 0x0000000100000000)
  eden space 170496K, 33% used [0x00000000d5580000,0x00000000d8db1ef8,0x00000000dfc00000)
  from space 11776K, 99% used [0x00000000dfc00000,0x00000000e077c040,0x00000000e0780000)
  to   space 17408K, 0% used [0x00000000e1f80000,0x00000000e1f80000,0x00000000e3080000)
 ParOldGen       total 145920K, used 26471K [0x0000000080000000, 0x0000000088e80000, 0x00000000d5580000)
  object space 145920K, 18% used [0x0000000080000000,0x00000000819d9df8,0x0000000088e80000)
 Metaspace       used 56454K, capacity 59050K, committed 59160K, reserved 1099776K
  class space    used 7737K, capacity 8302K, committed 8360K, reserved 1048576K
Event: 13.307 GC heap after
Heap after GC invocations=12 (full 2):
 PSYoungGen      total 204288K, used 17382K [0x00000000d5580000, 0x00000000e5200000, 0x0000000100000000)
  eden space 186880K, 0% used [0x00000000d5580000,0x00000000d5580000,0x00000000e0c00000)
  from space 17408K, 99% used [0x00000000e1f80000,0x00000000e3079858,0x00000000e3080000)
  to   space 19968K, 0% used [0x00000000e0c00000,0x00000000e0c00000,0x00000000e1f80000)
 ParOldGen       total 145920K, used 28093K [0x0000000080000000, 0x0000000088e80000, 0x00000000d5580000)
  object space 145920K, 19% used [0x0000000080000000,0x0000000081b6f7f0,0x0000000088e80000)
 Metaspace       used 56454K, capacity 59050K, committed 59160K, reserved 1099776K
  class space    used 7737K, capacity 8302K, committed 8360K, reserved 1048576K
}
Event: 13.307 GC heap before
{Heap before GC invocations=13 (full 3):
 PSYoungGen      total 204288K, used 17382K [0x00000000d5580000, 0x00000000e5200000, 0x0000000100000000)
  eden space 186880K, 0% used [0x00000000d5580000,0x00000000d5580000,0x00000000e0c00000)
  from space 17408K, 99% used [0x00000000e1f80000,0x00000000e3079858,0x00000000e3080000)
  to   space 19968K, 0% used [0x00000000e0c00000,0x00000000e0c00000,0x00000000e1f80000)
 ParOldGen       total 145920K, used 28093K [0x0000000080000000, 0x0000000088e80000, 0x00000000d5580000)
  object space 145920K, 19% used [0x0000000080000000,0x0000000081b6f7f0,0x0000000088e80000)
 Metaspace       used 56454K, capacity 59050K, committed 59160K, reserved 1099776K
  class space    used 7737K, capacity 8302K, committed 8360K, reserved 1048576K
Event: 13.710 GC heap after
Heap after GC invocations=13 (full 3):
 PSYoungGen      total 204288K, used 0K [0x00000000d5580000, 0x00000000e5200000, 0x0000000100000000)
  eden space 186880K, 0% used [0x00000000d5580000,0x00000000d5580000,0x00000000e0c00000)
  from space 17408K, 0% used [0x00000000e1f80000,0x00000000e1f80000,0x00000000e3080000)
  to   space 19968K, 0% used [0x00000000e0c00000,0x00000000e0c00000,0x00000000e1f80000)
 ParOldGen       total 222208K, used 34208K [0x0000000080000000, 0x000000008d900000, 0x00000000d5580000)
  object space 222208K, 15% used [0x0000000080000000,0x0000000082168380,0x000000008d900000)
 Metaspace       used 56402K, capacity 58876K, committed 59160K, reserved 1099776K
  class space    used 7721K, capacity 8273K, committed 8360K, reserved 1048576K
}
Event: 16.356 GC heap before
{Heap before GC invocations=14 (full 3):
 PSYoungGen      total 204288K, used 186880K [0x00000000d5580000, 0x00000000e5200000, 0x0000000100000000)
  eden space 186880K, 100% used [0x00000000d5580000,0x00000000e0c00000,0x00000000e0c00000)
  from space 17408K, 0% used [0x00000000e1f80000,0x00000000e1f80000,0x00000000e3080000)
  to   space 19968K, 0% used [0x00000000e0c00000,0x00000000e0c00000,0x00000000e1f80000)
 ParOldGen       total 222208K, used 34208K [0x0000000080000000, 0x000000008d900000, 0x00000000d5580000)
  object space 222208K, 15% used [0x0000000080000000,0x0000000082168380,0x000000008d900000)
 Metaspace       used 64265K, capacity 67498K, committed 67752K, reserved 1107968K
  class space    used 8933K, capacity 9584K, committed 9640K, reserved 1048576K
Event: 16.371 GC heap after
Heap after GC invocations=14 (full 3):
 PSYoungGen      total 206848K, used 16208K [0x00000000d5580000, 0x00000000e5200000, 0x0000000100000000)
  eden space 186880K, 0% used [0x00000000d5580000,0x00000000d5580000,0x00000000e0c00000)
  from space 19968K, 81% used [0x00000000e0c00000,0x00000000e1bd4388,0x00000000e1f80000)
  to   space 17408K, 0% used [0x00000000e1f80000,0x00000000e1f80000,0x00000000e3080000)
 ParOldGen       total 222208K, used 34216K [0x0000000080000000, 0x000000008d900000, 0x00000000d5580000)
  object space 222208K, 15% used [0x0000000080000000,0x000000008216a380,0x000000008d900000)
 Metaspace       used 64265K, capacity 67498K, committed 67752K, reserved 1107968K
  class space    used 8933K, capacity 9584K, committed 9640K, reserved 1048576K
}
Event: 17.301 GC heap before
{Heap before GC invocations=15 (full 3):
 PSYoungGen      total 206848K, used 98013K [0x00000000d5580000, 0x00000000e5200000, 0x0000000100000000)
  eden space 186880K, 43% used [0x00000000d5580000,0x00000000da5631b0,0x00000000e0c00000)
  from space 19968K, 81% used [0x00000000e0c00000,0x00000000e1bd4388,0x00000000e1f80000)
  to   space 17408K, 0% used [0x00000000e1f80000,0x00000000e1f80000,0x00000000e3080000)
 ParOldGen       total 222208K, used 34216K [0x0000000080000000, 0x000000008d900000, 0x00000000d5580000)
  object space 222208K, 15% used [0x0000000080000000,0x000000008216a380,0x000000008d900000)
 Metaspace       used 67234K, capacity 70638K, committed 70696K, reserved 1114112K
  class space    used 9289K, capacity 9986K, committed 10024K, reserved 1048576K
Event: 17.315 GC heap after
Heap after GC invocations=15 (full 3):
 PSYoungGen      total 204288K, used 17204K [0x00000000d5580000, 0x00000000e5200000, 0x0000000100000000)
  eden space 186880K, 0% used [0x00000000d5580000,0x00000000d5580000,0x00000000e0c00000)
  from space 17408K, 98% used [0x00000000e1f80000,0x00000000e304d070,0x00000000e3080000)
  to   space 19968K, 0% used [0x00000000e0c00000,0x00000000e0c00000,0x00000000e1f80000)
 ParOldGen       total 222208K, used 34224K [0x0000000080000000, 0x000000008d900000, 0x00000000d5580000)
  object space 222208K, 15% used [0x0000000080000000,0x000000008216c380,0x000000008d900000)
 Metaspace       used 67234K, capacity 70638K, committed 70696K, reserved 1114112K
  class space    used 9289K, capacity 9986K, committed 10024K, reserved 1048576K
}
Event: 17.315 GC heap before
{Heap before GC invocations=16 (full 4):
 PSYoungGen      total 204288K, used 17204K [0x00000000d5580000, 0x00000000e5200000, 0x0000000100000000)
  eden space 186880K, 0% used [0x00000000d5580000,0x00000000d5580000,0x00000000e0c00000)
  from space 17408K, 98% used [0x00000000e1f80000,0x00000000e304d070,0x00000000e3080000)
  to   space 19968K, 0% used [0x00000000e0c00000,0x00000000e0c00000,0x00000000e1f80000)
 ParOldGen       total 222208K, used 34224K [0x0000000080000000, 0x000000008d900000, 0x00000000d5580000)
  object space 222208K, 15% used [0x0000000080000000,0x000000008216c380,0x000000008d900000)
 Metaspace       used 67234K, capacity 70638K, committed 70696K, reserved 1114112K
  class space    used 9289K, capacity 9986K, committed 10024K, reserved 1048576K
Event: 17.496 GC heap after
Heap after GC invocations=16 (full 4):
 PSYoungGen      total 204288K, used 0K [0x00000000d5580000, 0x00000000e5200000, 0x0000000100000000)
  eden space 186880K, 0% used [0x00000000d5580000,0x00000000d5580000,0x00000000e0c00000)
  from space 17408K, 0% used [0x00000000e1f80000,0x00000000e1f80000,0x00000000e3080000)
  to   space 19968K, 0% used [0x00000000e0c00000,0x00000000e0c00000,0x00000000e1f80000)
 ParOldGen       total 222208K, used 46235K [0x0000000080000000, 0x000000008d900000, 0x00000000d5580000)
  object space 222208K, 20% used [0x0000000080000000,0x0000000082d26e18,0x000000008d900000)
 Metaspace       used 67134K, capacity 70340K, committed 70696K, reserved 1112064K
  class space    used 9258K, capacity 9931K, committed 10024K, reserved 1048576K
}

Deoptimization events (10 events):
Event: 17.500 Thread 0x000000001d8e0800 Uncommon trap: reason=bimorphic action=maybe_recompile pc=0x00000000037ab504 method=java.util.regex.Pattern$Slice.match(Ljava/util/regex/Matcher;ILjava/lang/CharSequence;)Z @ 75
Event: 17.500 Thread 0x000000001d8e0800 Uncommon trap: reason=unstable_if action=reinterpret pc=0x0000000003951b68 method=java.util.regex.Pattern$GroupTail.match(Ljava/util/regex/Matcher;ILjava/lang/CharSequence;)Z @ 73
Event: 17.500 Thread 0x000000001d8e0800 Uncommon trap: reason=unstable_if action=reinterpret pc=0x0000000003951b68 method=java.util.regex.Pattern$GroupTail.match(Ljava/util/regex/Matcher;ILjava/lang/CharSequence;)Z @ 73
Event: 17.500 Thread 0x000000001d8e0800 Uncommon trap: reason=bimorphic action=maybe_recompile pc=0x00000000037ab504 method=java.util.regex.Pattern$Slice.match(Ljava/util/regex/Matcher;ILjava/lang/CharSequence;)Z @ 75
Event: 17.500 Thread 0x000000001d8e0800 Uncommon trap: reason=unstable_if action=reinterpret pc=0x00000000037ab4e4 method=java.util.regex.Matcher.match(II)Z @ 30
Event: 17.500 Thread 0x000000001d8e0800 Uncommon trap: reason=bimorphic action=maybe_recompile pc=0x00000000037aa324 method=java.util.regex.Pattern$Slice.match(Ljava/util/regex/Matcher;ILjava/lang/CharSequence;)Z @ 75
Event: 17.500 Thread 0x000000001d8e0800 Uncommon trap: reason=bimorphic action=maybe_recompile pc=0x00000000037aa324 method=java.util.regex.Pattern$Slice.match(Ljava/util/regex/Matcher;ILjava/lang/CharSequence;)Z @ 75
Event: 17.500 Thread 0x000000001d8e0800 Uncommon trap: reason=unstable_if action=reinterpret pc=0x0000000003875ba0 method=java.util.regex.Pattern$LastNode.match(Ljava/util/regex/Matcher;ILjava/lang/CharSequence;)Z @ 13
Event: 17.502 Thread 0x000000001d8e0800 Uncommon trap: reason=unstable_if action=reinterpret pc=0x0000000003fc3edc method=java.util.regex.Pattern.newSlice([IIZ)Ljava/util/regex/Pattern$Node; @ 10
Event: 17.503 Thread 0x000000001d8e0800 Uncommon trap: reason=unstable_if action=reinterpret pc=0x00000000037005c8 method=java.util.regex.Pattern.newSlice([IIZ)Ljava/util/regex/Pattern$Node; @ 10

Classes redefined (0 events):
No events

Internal exceptions (10 events):
Event: 17.186 Thread 0x000000001d8dc000 Exception <a 'sun/nio/fs/WindowsException'> (0x00000000d994a0c0) thrown at [C:\src\AOSP-openjdk-git\hotspot\src\share\vm\prims\jni.cpp, line 710]
Event: 17.204 Thread 0x000000001d8dc000 Exception <a 'sun/nio/fs/WindowsException'> (0x00000000d99b4570) thrown at [C:\src\AOSP-openjdk-git\hotspot\src\share\vm\prims\jni.cpp, line 710]
Event: 17.205 Thread 0x000000001d8dc000 Exception <a 'sun/nio/fs/WindowsException'> (0x00000000d99b55c8) thrown at [C:\src\AOSP-openjdk-git\hotspot\src\share\vm\prims\jni.cpp, line 710]
Event: 17.222 Thread 0x000000001d8dc000 Exception <a 'java/lang/NoSuchMethodError': <clinit>> (0x00000000d9a9efb8) thrown at [C:\src\AOSP-openjdk-git\hotspot\src\share\vm\prims\jni.cpp, line 1615]
Event: 17.223 Thread 0x000000001d8dc000 Exception <a 'java/lang/NoSuchMethodError': <clinit>> (0x00000000d9ab4528) thrown at [C:\src\AOSP-openjdk-git\hotspot\src\share\vm\prims\jni.cpp, line 1615]
Event: 17.228 Thread 0x000000001d8dc000 Exception <a 'java/lang/NoSuchMethodError': <clinit>> (0x00000000d9af15d8) thrown at [C:\src\AOSP-openjdk-git\hotspot\src\share\vm\prims\jni.cpp, line 1615]
Event: 17.229 Thread 0x000000001d8dc000 Exception <a 'java/lang/NoSuchMethodError': <clinit>> (0x00000000d9afd600) thrown at [C:\src\AOSP-openjdk-git\hotspot\src\share\vm\prims\jni.cpp, line 1615]
Event: 17.248 Thread 0x000000001d8e0800 Exception <a 'sun/nio/fs/WindowsException'> (0x00000000d9cd6988) thrown at [C:\src\AOSP-openjdk-git\hotspot\src\share\vm\prims\jni.cpp, line 710]
Event: 17.254 Thread 0x000000001d8e0800 Exception <a 'java/lang/NoSuchMethodError': java.lang.Object.lambda$asRunnable$0(Lcom/android/tools/build/apkzlib/utils/IOExceptionRunnable;)V> (0x00000000d9e123f8) thrown at [C:\src\AOSP-openjdk-git\hotspot\src\share\vm\interpreter\linkResolver.cpp, line
Event: 17.520 Thread 0x000000001d8e0800 Exception <a 'java/lang/NoSuchMethodError': java.lang.Object.newSystemTemporaryDirectory()Lcom/android/tools/build/apkzlib/bytestorage/TemporaryDirectory;> (0x00000000d5f4d300) thrown at [C:\src\AOSP-openjdk-git\hotspot\src\share\vm\interpreter\linkResolv

Events (10 events):
Event: 17.519 loading class com/android/tools/build/apkzlib/bytestorage/TemporaryDirectory
Event: 17.519 loading class com/android/tools/build/apkzlib/bytestorage/TemporaryDirectory done
Event: 17.519 loading class com/android/tools/build/apkzlib/bytestorage/TemporaryDirectory
Event: 17.519 loading class com/android/tools/build/apkzlib/bytestorage/TemporaryDirectory done
Event: 17.520 loading class com/android/tools/build/apkzlib/bytestorage/TemporaryDirectory
Event: 17.520 loading class com/android/tools/build/apkzlib/bytestorage/TemporaryDirectory done
Event: 17.520 loading class com/android/tools/build/apkzlib/bytestorage/TemporaryDirectoryFactory
Event: 17.520 loading class com/android/tools/build/apkzlib/bytestorage/TemporaryDirectoryFactory done
Event: 17.520 loading class com/android/tools/build/apkzlib/bytestorage/TemporaryDirectoryFactory
Event: 17.520 loading class com/android/tools/build/apkzlib/bytestorage/TemporaryDirectoryFactory done


Dynamic libraries:
0x00007ff7d42a0000 - 0x00007ff7d42d1000 	D:\Android Studio\jre\bin\java.exe
0x00007ff964730000 - 0x00007ff964925000 	C:\WINDOWS\SYSTEM32\ntdll.dll
0x00007ff963090000 - 0x00007ff96314d000 	C:\WINDOWS\System32\KERNEL32.DLL
0x00007ff962200000 - 0x00007ff9624c8000 	C:\WINDOWS\System32\KERNELBASE.dll
0x00007ff963b20000 - 0x00007ff963bcc000 	C:\WINDOWS\System32\ADVAPI32.dll
0x00007ff963eb0000 - 0x00007ff963f4e000 	C:\WINDOWS\System32\msvcrt.dll
0x00007ff963bd0000 - 0x00007ff963c6b000 	C:\WINDOWS\System32\sechost.dll
0x00007ff963200000 - 0x00007ff96332b000 	C:\WINDOWS\System32\RPCRT4.dll
0x00007ff963330000 - 0x00007ff9634d0000 	C:\WINDOWS\System32\USER32.dll
0x00007ff962130000 - 0x00007ff962152000 	C:\WINDOWS\System32\win32u.dll
0x00007ff963e20000 - 0x00007ff963e4a000 	C:\WINDOWS\System32\GDI32.dll
0x00007ff961e70000 - 0x00007ff961f7b000 	C:\WINDOWS\System32\gdi32full.dll
0x00007ff962160000 - 0x00007ff9621fd000 	C:\WINDOWS\System32\msvcp_win.dll
0x00007ff961f80000 - 0x00007ff962080000 	C:\WINDOWS\System32\ucrtbase.dll
0x00007ff94e1d0000 - 0x00007ff94e46a000 	C:\WINDOWS\WinSxS\amd64_microsoft.windows.common-controls_6595b64144ccf1df_6.0.19041.844_none_ca00b6081b84eb1d\COMCTL32.dll
0x00007ff9643d0000 - 0x00007ff964400000 	C:\WINDOWS\System32\IMM32.DLL
0x0000000059710000 - 0x00000000597e2000 	D:\Android Studio\jre\jre\bin\msvcr100.dll
0x0000000058ec0000 - 0x000000005970b000 	D:\Android Studio\jre\jre\bin\server\jvm.dll
0x00007ff9644e0000 - 0x00007ff9644e8000 	C:\WINDOWS\System32\PSAPI.DLL
0x00007ff959490000 - 0x00007ff95949a000 	C:\WINDOWS\SYSTEM32\VERSION.dll
0x00007ff921a90000 - 0x00007ff921a99000 	C:\WINDOWS\SYSTEM32\WSOCK32.dll
0x00007ff957970000 - 0x00007ff957997000 	C:\WINDOWS\SYSTEM32\WINMM.dll
0x00007ff9644f0000 - 0x00007ff96455b000 	C:\WINDOWS\System32\WS2_32.dll
0x00007ff9509b0000 - 0x00007ff9509bf000 	D:\Android Studio\jre\jre\bin\verify.dll
0x00007ff94f640000 - 0x00007ff94f669000 	D:\Android Studio\jre\jre\bin\java.dll
0x00007ff950950000 - 0x00007ff950966000 	D:\Android Studio\jre\jre\bin\zip.dll
0x00007ff962940000 - 0x00007ff963082000 	C:\WINDOWS\System32\SHELL32.dll
0x00007ff95fcd0000 - 0x00007ff960460000 	C:\WINDOWS\SYSTEM32\windows.storage.dll
0x00007ff963f50000 - 0x00007ff9642a5000 	C:\WINDOWS\System32\combase.dll
0x00007ff9618e0000 - 0x00007ff96190c000 	C:\WINDOWS\SYSTEM32\Wldp.dll
0x00007ff964560000 - 0x00007ff96460e000 	C:\WINDOWS\System32\SHCORE.dll
0x00007ff964480000 - 0x00007ff9644d5000 	C:\WINDOWS\System32\shlwapi.dll
0x00007ff961db0000 - 0x00007ff961dcf000 	C:\WINDOWS\SYSTEM32\profapi.dll
0x00007ff94f620000 - 0x00007ff94f63a000 	D:\Android Studio\jre\jre\bin\net.dll
0x00007ff961650000 - 0x00007ff9616ba000 	C:\WINDOWS\system32\mswsock.dll
0x00007ff94ee40000 - 0x00007ff94ee53000 	D:\Android Studio\jre\jre\bin\nio.dll
0x00007ff94b530000 - 0x00007ff94b557000 	C:\Users\”‡“∞\.gradle\native\9f2fa17c089eee584f3420100432f77ec4c098959e4bf121a4d6054c26537dfb\windows-amd64\native-platform.dll
0x00007ff94f610000 - 0x00007ff94f61d000 	D:\Android Studio\jre\jre\bin\management.dll
0x00007ff961830000 - 0x00007ff961848000 	C:\WINDOWS\SYSTEM32\CRYPTSP.dll
0x00007ff960f80000 - 0x00007ff960fb4000 	C:\WINDOWS\system32\rsaenh.dll
0x00007ff962080000 - 0x00007ff9620a7000 	C:\WINDOWS\System32\bcrypt.dll
0x00007ff961d30000 - 0x00007ff961d5e000 	C:\WINDOWS\SYSTEM32\USERENV.dll
0x00007ff9620b0000 - 0x00007ff962130000 	C:\WINDOWS\System32\bcryptprimitives.dll
0x00007ff961820000 - 0x00007ff96182c000 	C:\WINDOWS\SYSTEM32\CRYPTBASE.dll
0x00007ff9612f0000 - 0x00007ff96132b000 	C:\WINDOWS\SYSTEM32\IPHLPAPI.DLL
0x00007ff9628c0000 - 0x00007ff9628c8000 	C:\WINDOWS\System32\NSI.dll
0x00007ff95a060000 - 0x00007ff95a077000 	C:\WINDOWS\SYSTEM32\dhcpcsvc6.DLL
0x00007ff95a350000 - 0x00007ff95a36d000 	C:\WINDOWS\SYSTEM32\dhcpcsvc.DLL
0x00007ff961340000 - 0x00007ff96140c000 	C:\WINDOWS\SYSTEM32\DNSAPI.dll
0x00007ff95b000000 - 0x00007ff95b00b000 	C:\WINDOWS\SYSTEM32\WINNSI.DLL
0x00007ff937e80000 - 0x00007ff938016000 	C:\Users\”‡“∞\.gradle\native\9f2fa17c089eee584f3420100432f77ec4c098959e4bf121a4d6054c26537dfb\windows-amd64\native-platform-file-events.dll

VM Arguments:
jvm_args: -Xmx2048m -Dfile.encoding=UTF-8 -Duser.country=CN -Duser.language=zh -Duser.variant 
java_command: org.gradle.launcher.daemon.bootstrap.GradleDaemon 6.6
java_class_path (initial): C:\Users\”‡“∞\.gradle\wrapper\dists\gradle-6.6-bin\dflktxzwamd4bv66q00iv4ga9\gradle-6.6\lib\gradle-launcher-6.6.jar
Launcher Type: SUN_STANDARD

Environment Variables:
JAVA_HOME=D:\Program Files\Java
CLASSPATH=.;D:\Program Files\Java\lib\dt.jar;D:\Program Files\Java\lib\tools.jar
PATH=C:\Program Files\NVIDIA GPU Computing Toolkit\CUDA\v11.3\bin;C:\Program Files\NVIDIA GPU Computing Toolkit\CUDA\v11.3\libnvvp;D:\Program Files\Java\bin;C:\Windows\system32;C:\Windows;C:\Windows\System32\Wbem;C:\Windows\System32\WindowsPowerShell\v1.0\;C:\Windows\System32\OpenSSH\;C:\Program Files (x86)\NVIDIA Corporation\PhysX\Common;C:\Program Files\NVIDIA Corporation\NVIDIA NvDLISR;D:\Program Files\Java\jre\bin;E:\Git\cmd;C:\WINDOWS\system32;C:\WINDOWS;C:\WINDOWS\System32\Wbem;C:\WINDOWS\System32\WindowsPowerShell\v1.0\;C:\WINDOWS\System32\OpenSSH\;C:\Program Files\NVIDIA Corporation\Nsight Compute 2021.1.0\;C:\Program Files\NVIDIA GPU Computing Toolkit\CUDA\v11.3\lib\x64;D:\anaconda3;D:\anaconda3\Library\mingw-w64\bin;D:\anaconda3\Library\usr\bin;D:\anaconda3\Library\bin;D:\anaconda3\Scripts;C:\Users\”‡“∞\AppData\Local\Programs\Python\Python38-32\Scripts\;C:\Users\”‡“∞\AppData\Local\Programs\Python\Python38-32\;C:\Users\”‡“∞\AppData\Local\Microsoft\WindowsApps;C:\Program Files\Bandizip\;D:\PyCharm Community Edition 2020.2\bin;;D:\VS Code\Microsoft VS Code\bin;
USERNAME=”‡“∞
OS=Windows_NT
PROCESSOR_IDENTIFIER=AMD64 Family 23 Model 96 Stepping 1, AuthenticAMD



---------------  S Y S T E M  ---------------

OS: Windows 10.0 , 64 bit Build 19041 (10.0.19041.928)

CPU:total 12 (initial active 12) (12 cores per cpu, 1 threads per core) family 23 model 96 stepping 1, cmov, cx8, fxsr, mmx, sse, sse2, sse3, ssse3, sse4.1, sse4.2, popcnt, avx, avx2, aes, clmul, mmxext, 3dnowpref, lzcnt, sse4a, tsc, tscinvbit, tscinv, bmi1

Memory: 4k page, physical 16119108k(3152096k free), swap 29226304k(5168k free)

vm_info: OpenJDK 64-Bit Server VM (25.242-b01) for windows-amd64 JRE (1.8.0_242-release-1644-b01), built by "builder" with MS VC++ 10.0 (VS2010)

time: Sun Jul 11 18:25:17 2021
timezone: ÷–π˙±Í◊º ±º‰
elapsed time: 17 seconds (0d 0h 0m 17s)

